Linked: (/workspace/ros_ws/devel/.private/gen_utilities/include/gen_utilities/dummyMessage.h, /workspace/ros_ws/devel/include/gen_utilities/dummyMessage.h)
Linked: (/workspace/ros_ws/devel/.private/gen_utilities/include/gen_utilities/ContactBasedRegRequest.h, /workspace/ros_ws/devel/include/gen_utilities/ContactBasedRegRequest.h)
Linked: (/workspace/ros_ws/devel/.private/gen_utilities/include/gen_utilities/GenerateDrapingPathResponse.h, /workspace/ros_ws/devel/include/gen_utilities/GenerateDrapingPathResponse.h)
Linked: (/workspace/ros_ws/devel/.private/gen_utilities/include/gen_utilities/TrajContainer.h, /workspace/ros_ws/devel/include/gen_utilities/TrajContainer.h)
Linked: (/workspace/ros_ws/devel/.private/gen_utilities/include/gen_utilities/PTPPathGenRequest.h, /workspace/ros_ws/devel/include/gen_utilities/PTPPathGenRequest.h)
Linked: (/workspace/ros_ws/devel/.private/gen_utilities/include/gen_utilities/Ptcloud2ToPtcloud.h, /workspace/ros_ws/devel/include/gen_utilities/Ptcloud2ToPtcloud.h)
Linked: (/workspace/ros_ws/devel/.private/gen_utilities/include/gen_utilities/MoldPlacementPlan.h, /workspace/ros_ws/devel/include/gen_utilities/MoldPlacementPlan.h)
Linked: (/workspace/ros_ws/devel/.private/gen_utilities/include/gen_utilities/GenerateGraspingPathResponse.h, /workspace/ros_ws/devel/include/gen_utilities/GenerateGraspingPathResponse.h)
Linked: (/workspace/ros_ws/devel/.private/gen_utilities/include/gen_utilities/ContactBasedReg.h, /workspace/ros_ws/devel/include/gen_utilities/ContactBasedReg.h)
Linked: (/workspace/ros_ws/devel/.private/gen_utilities/include/gen_utilities/GenerateGraspingPathRequest.h, /workspace/ros_ws/devel/include/gen_utilities/GenerateGraspingPathRequest.h)
Linked: (/workspace/ros_ws/devel/.private/gen_utilities/include/gen_utilities/XYZ_nxnynz.h, /workspace/ros_ws/devel/include/gen_utilities/XYZ_nxnynz.h)
Linked: (/workspace/ros_ws/devel/.private/gen_utilities/include/gen_utilities/MoldPlacementPlanRequest.h, /workspace/ros_ws/devel/include/gen_utilities/MoldPlacementPlanRequest.h)
Linked: (/workspace/ros_ws/devel/.private/gen_utilities/include/gen_utilities/IdxGroup.h, /workspace/ros_ws/devel/include/gen_utilities/IdxGroup.h)
Linked: (/workspace/ros_ws/devel/.private/gen_utilities/include/gen_utilities/DrapingSeqGeneratorResponse.h, /workspace/ros_ws/devel/include/gen_utilities/DrapingSeqGeneratorResponse.h)
Linked: (/workspace/ros_ws/devel/.private/gen_utilities/include/gen_utilities/KukaJointAngles.h, /workspace/ros_ws/devel/include/gen_utilities/KukaJointAngles.h)
Linked: (/workspace/ros_ws/devel/.private/gen_utilities/include/gen_utilities/PTPPathGenResponse.h, /workspace/ros_ws/devel/include/gen_utilities/PTPPathGenResponse.h)
Linked: (/workspace/ros_ws/devel/.private/gen_utilities/include/gen_utilities/XYZ_bxbybz.h, /workspace/ros_ws/devel/include/gen_utilities/XYZ_bxbybz.h)
Linked: (/workspace/ros_ws/devel/.private/gen_utilities/include/gen_utilities/PTPPathGen.h, /workspace/ros_ws/devel/include/gen_utilities/PTPPathGen.h)
Linked: (/workspace/ros_ws/devel/.private/gen_utilities/include/gen_utilities/VisionBasedRegICP.h, /workspace/ros_ws/devel/include/gen_utilities/VisionBasedRegICP.h)
Linked: (/workspace/ros_ws/devel/.private/gen_utilities/include/gen_utilities/DrapingSeqGenerator.h, /workspace/ros_ws/devel/include/gen_utilities/DrapingSeqGenerator.h)
Linked: (/workspace/ros_ws/devel/.private/gen_utilities/include/gen_utilities/GraspSyncServResponse.h, /workspace/ros_ws/devel/include/gen_utilities/GraspSyncServResponse.h)
Linked: (/workspace/ros_ws/devel/.private/gen_utilities/include/gen_utilities/ContactBasedRegResponse.h, /workspace/ros_ws/devel/include/gen_utilities/ContactBasedRegResponse.h)
Linked: (/workspace/ros_ws/devel/.private/gen_utilities/include/gen_utilities/Ptcloud2ToPtcloudRequest.h, /workspace/ros_ws/devel/include/gen_utilities/Ptcloud2ToPtcloudRequest.h)
Linked: (/workspace/ros_ws/devel/.private/gen_utilities/include/gen_utilities/GenerateGraspingPath.h, /workspace/ros_ws/devel/include/gen_utilities/GenerateGraspingPath.h)
Linked: (/workspace/ros_ws/devel/.private/gen_utilities/include/gen_utilities/XYZ_cba.h, /workspace/ros_ws/devel/include/gen_utilities/XYZ_cba.h)
Linked: (/workspace/ros_ws/devel/.private/gen_utilities/include/gen_utilities/GraspSyncServRequest.h, /workspace/ros_ws/devel/include/gen_utilities/GraspSyncServRequest.h)
Linked: (/workspace/ros_ws/devel/.private/gen_utilities/include/gen_utilities/TrajContainerSrvRequest.h, /workspace/ros_ws/devel/include/gen_utilities/TrajContainerSrvRequest.h)
Linked: (/workspace/ros_ws/devel/.private/gen_utilities/include/gen_utilities/Waypoints.h, /workspace/ros_ws/devel/include/gen_utilities/Waypoints.h)
Linked: (/workspace/ros_ws/devel/.private/gen_utilities/include/gen_utilities/KukaJointAnglesSet.h, /workspace/ros_ws/devel/include/gen_utilities/KukaJointAnglesSet.h)
Linked: (/workspace/ros_ws/devel/.private/gen_utilities/include/gen_utilities/GenerateDrapingPath.h, /workspace/ros_ws/devel/include/gen_utilities/GenerateDrapingPath.h)
Linked: (/workspace/ros_ws/devel/.private/gen_utilities/include/gen_utilities/TrajContainerSrv.h, /workspace/ros_ws/devel/include/gen_utilities/TrajContainerSrv.h)
Linked: (/workspace/ros_ws/devel/.private/gen_utilities/include/gen_utilities/GenerateDrapingPathRequest.h, /workspace/ros_ws/devel/include/gen_utilities/GenerateDrapingPathRequest.h)
Linked: (/workspace/ros_ws/devel/.private/gen_utilities/include/gen_utilities/Ptcloud2ToPtcloudResponse.h, /workspace/ros_ws/devel/include/gen_utilities/Ptcloud2ToPtcloudResponse.h)
Linked: (/workspace/ros_ws/devel/.private/gen_utilities/include/gen_utilities/VisionBasedRegICPRequest.h, /workspace/ros_ws/devel/include/gen_utilities/VisionBasedRegICPRequest.h)
Linked: (/workspace/ros_ws/devel/.private/gen_utilities/include/gen_utilities/TrajContainerSrvResponse.h, /workspace/ros_ws/devel/include/gen_utilities/TrajContainerSrvResponse.h)
Linked: (/workspace/ros_ws/devel/.private/gen_utilities/include/gen_utilities/DrapingSeqGeneratorRequest.h, /workspace/ros_ws/devel/include/gen_utilities/DrapingSeqGeneratorRequest.h)
Linked: (/workspace/ros_ws/devel/.private/gen_utilities/include/gen_utilities/GraspSyncServ.h, /workspace/ros_ws/devel/include/gen_utilities/GraspSyncServ.h)
Linked: (/workspace/ros_ws/devel/.private/gen_utilities/include/gen_utilities/VisionBasedRegICPResponse.h, /workspace/ros_ws/devel/include/gen_utilities/VisionBasedRegICPResponse.h)
Linked: (/workspace/ros_ws/devel/.private/gen_utilities/include/gen_utilities/MoldPlacementPlanResponse.h, /workspace/ros_ws/devel/include/gen_utilities/MoldPlacementPlanResponse.h)
Linked: (/workspace/ros_ws/devel/.private/gen_utilities/lib/libgen_utilities.so, /workspace/ros_ws/devel/lib/libgen_utilities.so)
Linked: (/workspace/ros_ws/devel/.private/gen_utilities/lib/pkgconfig/gen_utilities.pc, /workspace/ros_ws/devel/lib/pkgconfig/gen_utilities.pc)
Linked: (/workspace/ros_ws/devel/.private/gen_utilities/lib/python2.7/dist-packages/gen_utilities/__init__.py, /workspace/ros_ws/devel/lib/python2.7/dist-packages/gen_utilities/__init__.py)
Linked: (/workspace/ros_ws/devel/.private/gen_utilities/lib/python2.7/dist-packages/gen_utilities/msg/_TrajContainer.py, /workspace/ros_ws/devel/lib/python2.7/dist-packages/gen_utilities/msg/_TrajContainer.py)
Linked: (/workspace/ros_ws/devel/.private/gen_utilities/lib/python2.7/dist-packages/gen_utilities/msg/__init__.py, /workspace/ros_ws/devel/lib/python2.7/dist-packages/gen_utilities/msg/__init__.py)
Linked: (/workspace/ros_ws/devel/.private/gen_utilities/lib/python2.7/dist-packages/gen_utilities/msg/_KukaJointAnglesSet.py, /workspace/ros_ws/devel/lib/python2.7/dist-packages/gen_utilities/msg/_KukaJointAnglesSet.py)
Linked: (/workspace/ros_ws/devel/.private/gen_utilities/lib/python2.7/dist-packages/gen_utilities/msg/_KukaJointAngles.py, /workspace/ros_ws/devel/lib/python2.7/dist-packages/gen_utilities/msg/_KukaJointAngles.py)
Linked: (/workspace/ros_ws/devel/.private/gen_utilities/lib/python2.7/dist-packages/gen_utilities/msg/_dummyMessage.py, /workspace/ros_ws/devel/lib/python2.7/dist-packages/gen_utilities/msg/_dummyMessage.py)
Linked: (/workspace/ros_ws/devel/.private/gen_utilities/lib/python2.7/dist-packages/gen_utilities/msg/_XYZ_bxbybz.py, /workspace/ros_ws/devel/lib/python2.7/dist-packages/gen_utilities/msg/_XYZ_bxbybz.py)
Linked: (/workspace/ros_ws/devel/.private/gen_utilities/lib/python2.7/dist-packages/gen_utilities/msg/_Waypoints.py, /workspace/ros_ws/devel/lib/python2.7/dist-packages/gen_utilities/msg/_Waypoints.py)
Linked: (/workspace/ros_ws/devel/.private/gen_utilities/lib/python2.7/dist-packages/gen_utilities/msg/_XYZ_cba.py, /workspace/ros_ws/devel/lib/python2.7/dist-packages/gen_utilities/msg/_XYZ_cba.py)
Linked: (/workspace/ros_ws/devel/.private/gen_utilities/lib/python2.7/dist-packages/gen_utilities/msg/_IdxGroup.py, /workspace/ros_ws/devel/lib/python2.7/dist-packages/gen_utilities/msg/_IdxGroup.py)
Linked: (/workspace/ros_ws/devel/.private/gen_utilities/lib/python2.7/dist-packages/gen_utilities/msg/_XYZ_nxnynz.py, /workspace/ros_ws/devel/lib/python2.7/dist-packages/gen_utilities/msg/_XYZ_nxnynz.py)
Linked: (/workspace/ros_ws/devel/.private/gen_utilities/lib/python2.7/dist-packages/gen_utilities/srv/__init__.py, /workspace/ros_ws/devel/lib/python2.7/dist-packages/gen_utilities/srv/__init__.py)
Linked: (/workspace/ros_ws/devel/.private/gen_utilities/lib/python2.7/dist-packages/gen_utilities/srv/_VisionBasedRegICP.py, /workspace/ros_ws/devel/lib/python2.7/dist-packages/gen_utilities/srv/_VisionBasedRegICP.py)
Linked: (/workspace/ros_ws/devel/.private/gen_utilities/lib/python2.7/dist-packages/gen_utilities/srv/_DrapingSeqGenerator.py, /workspace/ros_ws/devel/lib/python2.7/dist-packages/gen_utilities/srv/_DrapingSeqGenerator.py)
Linked: (/workspace/ros_ws/devel/.private/gen_utilities/lib/python2.7/dist-packages/gen_utilities/srv/_GenerateDrapingPath.py, /workspace/ros_ws/devel/lib/python2.7/dist-packages/gen_utilities/srv/_GenerateDrapingPath.py)
Linked: (/workspace/ros_ws/devel/.private/gen_utilities/lib/python2.7/dist-packages/gen_utilities/srv/_MoldPlacementPlan.py, /workspace/ros_ws/devel/lib/python2.7/dist-packages/gen_utilities/srv/_MoldPlacementPlan.py)
Linked: (/workspace/ros_ws/devel/.private/gen_utilities/lib/python2.7/dist-packages/gen_utilities/srv/_TrajContainerSrv.py, /workspace/ros_ws/devel/lib/python2.7/dist-packages/gen_utilities/srv/_TrajContainerSrv.py)
Linked: (/workspace/ros_ws/devel/.private/gen_utilities/lib/python2.7/dist-packages/gen_utilities/srv/_GenerateGraspingPath.py, /workspace/ros_ws/devel/lib/python2.7/dist-packages/gen_utilities/srv/_GenerateGraspingPath.py)
Linked: (/workspace/ros_ws/devel/.private/gen_utilities/lib/python2.7/dist-packages/gen_utilities/srv/_GraspSyncServ.py, /workspace/ros_ws/devel/lib/python2.7/dist-packages/gen_utilities/srv/_GraspSyncServ.py)
Linked: (/workspace/ros_ws/devel/.private/gen_utilities/lib/python2.7/dist-packages/gen_utilities/srv/_Ptcloud2ToPtcloud.py, /workspace/ros_ws/devel/lib/python2.7/dist-packages/gen_utilities/srv/_Ptcloud2ToPtcloud.py)
Linked: (/workspace/ros_ws/devel/.private/gen_utilities/lib/python2.7/dist-packages/gen_utilities/srv/_ContactBasedReg.py, /workspace/ros_ws/devel/lib/python2.7/dist-packages/gen_utilities/srv/_ContactBasedReg.py)
Linked: (/workspace/ros_ws/devel/.private/gen_utilities/lib/python2.7/dist-packages/gen_utilities/srv/_PTPPathGen.py, /workspace/ros_ws/devel/lib/python2.7/dist-packages/gen_utilities/srv/_PTPPathGen.py)
Linked: (/workspace/ros_ws/devel/.private/gen_utilities/share/common-lisp/ros/gen_utilities/msg/TrajContainer.lisp, /workspace/ros_ws/devel/share/common-lisp/ros/gen_utilities/msg/TrajContainer.lisp)
Linked: (/workspace/ros_ws/devel/.private/gen_utilities/share/common-lisp/ros/gen_utilities/msg/XYZ_nxnynz.lisp, /workspace/ros_ws/devel/share/common-lisp/ros/gen_utilities/msg/XYZ_nxnynz.lisp)
Linked: (/workspace/ros_ws/devel/.private/gen_utilities/share/common-lisp/ros/gen_utilities/msg/_package_IdxGroup.lisp, /workspace/ros_ws/devel/share/common-lisp/ros/gen_utilities/msg/_package_IdxGroup.lisp)
Linked: (/workspace/ros_ws/devel/.private/gen_utilities/share/common-lisp/ros/gen_utilities/msg/IdxGroup.lisp, /workspace/ros_ws/devel/share/common-lisp/ros/gen_utilities/msg/IdxGroup.lisp)
Linked: (/workspace/ros_ws/devel/.private/gen_utilities/share/common-lisp/ros/gen_utilities/msg/_package_XYZ_bxbybz.lisp, /workspace/ros_ws/devel/share/common-lisp/ros/gen_utilities/msg/_package_XYZ_bxbybz.lisp)
Linked: (/workspace/ros_ws/devel/.private/gen_utilities/share/common-lisp/ros/gen_utilities/msg/XYZ_cba.lisp, /workspace/ros_ws/devel/share/common-lisp/ros/gen_utilities/msg/XYZ_cba.lisp)
Linked: (/workspace/ros_ws/devel/.private/gen_utilities/share/common-lisp/ros/gen_utilities/msg/_package_dummyMessage.lisp, /workspace/ros_ws/devel/share/common-lisp/ros/gen_utilities/msg/_package_dummyMessage.lisp)
Linked: (/workspace/ros_ws/devel/.private/gen_utilities/share/common-lisp/ros/gen_utilities/msg/_package.lisp, /workspace/ros_ws/devel/share/common-lisp/ros/gen_utilities/msg/_package.lisp)
Linked: (/workspace/ros_ws/devel/.private/gen_utilities/share/common-lisp/ros/gen_utilities/msg/KukaJointAngles.lisp, /workspace/ros_ws/devel/share/common-lisp/ros/gen_utilities/msg/KukaJointAngles.lisp)
Linked: (/workspace/ros_ws/devel/.private/gen_utilities/share/common-lisp/ros/gen_utilities/msg/dummyMessage.lisp, /workspace/ros_ws/devel/share/common-lisp/ros/gen_utilities/msg/dummyMessage.lisp)
Linked: (/workspace/ros_ws/devel/.private/gen_utilities/share/common-lisp/ros/gen_utilities/msg/_package_XYZ_cba.lisp, /workspace/ros_ws/devel/share/common-lisp/ros/gen_utilities/msg/_package_XYZ_cba.lisp)
Linked: (/workspace/ros_ws/devel/.private/gen_utilities/share/common-lisp/ros/gen_utilities/msg/_package_XYZ_nxnynz.lisp, /workspace/ros_ws/devel/share/common-lisp/ros/gen_utilities/msg/_package_XYZ_nxnynz.lisp)
Linked: (/workspace/ros_ws/devel/.private/gen_utilities/share/common-lisp/ros/gen_utilities/msg/_package_KukaJointAngles.lisp, /workspace/ros_ws/devel/share/common-lisp/ros/gen_utilities/msg/_package_KukaJointAngles.lisp)
Linked: (/workspace/ros_ws/devel/.private/gen_utilities/share/common-lisp/ros/gen_utilities/msg/_package_Waypoints.lisp, /workspace/ros_ws/devel/share/common-lisp/ros/gen_utilities/msg/_package_Waypoints.lisp)
Linked: (/workspace/ros_ws/devel/.private/gen_utilities/share/common-lisp/ros/gen_utilities/msg/KukaJointAnglesSet.lisp, /workspace/ros_ws/devel/share/common-lisp/ros/gen_utilities/msg/KukaJointAnglesSet.lisp)
Linked: (/workspace/ros_ws/devel/.private/gen_utilities/share/common-lisp/ros/gen_utilities/msg/XYZ_bxbybz.lisp, /workspace/ros_ws/devel/share/common-lisp/ros/gen_utilities/msg/XYZ_bxbybz.lisp)
Linked: (/workspace/ros_ws/devel/.private/gen_utilities/share/common-lisp/ros/gen_utilities/msg/_package_TrajContainer.lisp, /workspace/ros_ws/devel/share/common-lisp/ros/gen_utilities/msg/_package_TrajContainer.lisp)
Linked: (/workspace/ros_ws/devel/.private/gen_utilities/share/common-lisp/ros/gen_utilities/msg/_package_KukaJointAnglesSet.lisp, /workspace/ros_ws/devel/share/common-lisp/ros/gen_utilities/msg/_package_KukaJointAnglesSet.lisp)
Linked: (/workspace/ros_ws/devel/.private/gen_utilities/share/common-lisp/ros/gen_utilities/msg/Waypoints.lisp, /workspace/ros_ws/devel/share/common-lisp/ros/gen_utilities/msg/Waypoints.lisp)
Linked: (/workspace/ros_ws/devel/.private/gen_utilities/share/common-lisp/ros/gen_utilities/msg/gen_utilities-msg.asd, /workspace/ros_ws/devel/share/common-lisp/ros/gen_utilities/msg/gen_utilities-msg.asd)
Linked: (/workspace/ros_ws/devel/.private/gen_utilities/share/common-lisp/ros/gen_utilities/srv/_package_GenerateDrapingPath.lisp, /workspace/ros_ws/devel/share/common-lisp/ros/gen_utilities/srv/_package_GenerateDrapingPath.lisp)
Linked: (/workspace/ros_ws/devel/.private/gen_utilities/share/common-lisp/ros/gen_utilities/srv/_package_PTPPathGen.lisp, /workspace/ros_ws/devel/share/common-lisp/ros/gen_utilities/srv/_package_PTPPathGen.lisp)
Linked: (/workspace/ros_ws/devel/.private/gen_utilities/share/common-lisp/ros/gen_utilities/srv/GenerateDrapingPath.lisp, /workspace/ros_ws/devel/share/common-lisp/ros/gen_utilities/srv/GenerateDrapingPath.lisp)
Linked: (/workspace/ros_ws/devel/.private/gen_utilities/share/common-lisp/ros/gen_utilities/srv/_package_Ptcloud2ToPtcloud.lisp, /workspace/ros_ws/devel/share/common-lisp/ros/gen_utilities/srv/_package_Ptcloud2ToPtcloud.lisp)
Linked: (/workspace/ros_ws/devel/.private/gen_utilities/share/common-lisp/ros/gen_utilities/srv/MoldPlacementPlan.lisp, /workspace/ros_ws/devel/share/common-lisp/ros/gen_utilities/srv/MoldPlacementPlan.lisp)
Linked: (/workspace/ros_ws/devel/.private/gen_utilities/share/common-lisp/ros/gen_utilities/srv/_package_MoldPlacementPlan.lisp, /workspace/ros_ws/devel/share/common-lisp/ros/gen_utilities/srv/_package_MoldPlacementPlan.lisp)
Linked: (/workspace/ros_ws/devel/.private/gen_utilities/share/common-lisp/ros/gen_utilities/srv/VisionBasedRegICP.lisp, /workspace/ros_ws/devel/share/common-lisp/ros/gen_utilities/srv/VisionBasedRegICP.lisp)
Linked: (/workspace/ros_ws/devel/.private/gen_utilities/share/common-lisp/ros/gen_utilities/srv/_package_ContactBasedReg.lisp, /workspace/ros_ws/devel/share/common-lisp/ros/gen_utilities/srv/_package_ContactBasedReg.lisp)
Linked: (/workspace/ros_ws/devel/.private/gen_utilities/share/common-lisp/ros/gen_utilities/srv/_package_VisionBasedRegICP.lisp, /workspace/ros_ws/devel/share/common-lisp/ros/gen_utilities/srv/_package_VisionBasedRegICP.lisp)
Linked: (/workspace/ros_ws/devel/.private/gen_utilities/share/common-lisp/ros/gen_utilities/srv/TrajContainerSrv.lisp, /workspace/ros_ws/devel/share/common-lisp/ros/gen_utilities/srv/TrajContainerSrv.lisp)
Linked: (/workspace/ros_ws/devel/.private/gen_utilities/share/common-lisp/ros/gen_utilities/srv/_package_TrajContainerSrv.lisp, /workspace/ros_ws/devel/share/common-lisp/ros/gen_utilities/srv/_package_TrajContainerSrv.lisp)
Linked: (/workspace/ros_ws/devel/.private/gen_utilities/share/common-lisp/ros/gen_utilities/srv/Ptcloud2ToPtcloud.lisp, /workspace/ros_ws/devel/share/common-lisp/ros/gen_utilities/srv/Ptcloud2ToPtcloud.lisp)
Linked: (/workspace/ros_ws/devel/.private/gen_utilities/share/common-lisp/ros/gen_utilities/srv/_package.lisp, /workspace/ros_ws/devel/share/common-lisp/ros/gen_utilities/srv/_package.lisp)
Linked: (/workspace/ros_ws/devel/.private/gen_utilities/share/common-lisp/ros/gen_utilities/srv/_package_GenerateGraspingPath.lisp, /workspace/ros_ws/devel/share/common-lisp/ros/gen_utilities/srv/_package_GenerateGraspingPath.lisp)
Linked: (/workspace/ros_ws/devel/.private/gen_utilities/share/common-lisp/ros/gen_utilities/srv/GraspSyncServ.lisp, /workspace/ros_ws/devel/share/common-lisp/ros/gen_utilities/srv/GraspSyncServ.lisp)
Linked: (/workspace/ros_ws/devel/.private/gen_utilities/share/common-lisp/ros/gen_utilities/srv/DrapingSeqGenerator.lisp, /workspace/ros_ws/devel/share/common-lisp/ros/gen_utilities/srv/DrapingSeqGenerator.lisp)
Linked: (/workspace/ros_ws/devel/.private/gen_utilities/share/common-lisp/ros/gen_utilities/srv/GenerateGraspingPath.lisp, /workspace/ros_ws/devel/share/common-lisp/ros/gen_utilities/srv/GenerateGraspingPath.lisp)
Linked: (/workspace/ros_ws/devel/.private/gen_utilities/share/common-lisp/ros/gen_utilities/srv/PTPPathGen.lisp, /workspace/ros_ws/devel/share/common-lisp/ros/gen_utilities/srv/PTPPathGen.lisp)
Linked: (/workspace/ros_ws/devel/.private/gen_utilities/share/common-lisp/ros/gen_utilities/srv/gen_utilities-srv.asd, /workspace/ros_ws/devel/share/common-lisp/ros/gen_utilities/srv/gen_utilities-srv.asd)
Linked: (/workspace/ros_ws/devel/.private/gen_utilities/share/common-lisp/ros/gen_utilities/srv/_package_GraspSyncServ.lisp, /workspace/ros_ws/devel/share/common-lisp/ros/gen_utilities/srv/_package_GraspSyncServ.lisp)
Linked: (/workspace/ros_ws/devel/.private/gen_utilities/share/common-lisp/ros/gen_utilities/srv/_package_DrapingSeqGenerator.lisp, /workspace/ros_ws/devel/share/common-lisp/ros/gen_utilities/srv/_package_DrapingSeqGenerator.lisp)
Linked: (/workspace/ros_ws/devel/.private/gen_utilities/share/common-lisp/ros/gen_utilities/srv/ContactBasedReg.lisp, /workspace/ros_ws/devel/share/common-lisp/ros/gen_utilities/srv/ContactBasedReg.lisp)
Linked: (/workspace/ros_ws/devel/.private/gen_utilities/share/roseus/ros/gen_utilities/manifest.l, /workspace/ros_ws/devel/share/roseus/ros/gen_utilities/manifest.l)
Linked: (/workspace/ros_ws/devel/.private/gen_utilities/share/roseus/ros/gen_utilities/msg/IdxGroup.l, /workspace/ros_ws/devel/share/roseus/ros/gen_utilities/msg/IdxGroup.l)
Linked: (/workspace/ros_ws/devel/.private/gen_utilities/share/roseus/ros/gen_utilities/msg/Waypoints.l, /workspace/ros_ws/devel/share/roseus/ros/gen_utilities/msg/Waypoints.l)
Linked: (/workspace/ros_ws/devel/.private/gen_utilities/share/roseus/ros/gen_utilities/msg/XYZ_cba.l, /workspace/ros_ws/devel/share/roseus/ros/gen_utilities/msg/XYZ_cba.l)
Linked: (/workspace/ros_ws/devel/.private/gen_utilities/share/roseus/ros/gen_utilities/msg/KukaJointAnglesSet.l, /workspace/ros_ws/devel/share/roseus/ros/gen_utilities/msg/KukaJointAnglesSet.l)
Linked: (/workspace/ros_ws/devel/.private/gen_utilities/share/roseus/ros/gen_utilities/msg/XYZ_nxnynz.l, /workspace/ros_ws/devel/share/roseus/ros/gen_utilities/msg/XYZ_nxnynz.l)
Linked: (/workspace/ros_ws/devel/.private/gen_utilities/share/roseus/ros/gen_utilities/msg/TrajContainer.l, /workspace/ros_ws/devel/share/roseus/ros/gen_utilities/msg/TrajContainer.l)
Linked: (/workspace/ros_ws/devel/.private/gen_utilities/share/roseus/ros/gen_utilities/msg/KukaJointAngles.l, /workspace/ros_ws/devel/share/roseus/ros/gen_utilities/msg/KukaJointAngles.l)
Linked: (/workspace/ros_ws/devel/.private/gen_utilities/share/roseus/ros/gen_utilities/msg/XYZ_bxbybz.l, /workspace/ros_ws/devel/share/roseus/ros/gen_utilities/msg/XYZ_bxbybz.l)
Linked: (/workspace/ros_ws/devel/.private/gen_utilities/share/roseus/ros/gen_utilities/msg/dummyMessage.l, /workspace/ros_ws/devel/share/roseus/ros/gen_utilities/msg/dummyMessage.l)
Linked: (/workspace/ros_ws/devel/.private/gen_utilities/share/roseus/ros/gen_utilities/srv/GraspSyncServ.l, /workspace/ros_ws/devel/share/roseus/ros/gen_utilities/srv/GraspSyncServ.l)
Linked: (/workspace/ros_ws/devel/.private/gen_utilities/share/roseus/ros/gen_utilities/srv/DrapingSeqGenerator.l, /workspace/ros_ws/devel/share/roseus/ros/gen_utilities/srv/DrapingSeqGenerator.l)
Linked: (/workspace/ros_ws/devel/.private/gen_utilities/share/roseus/ros/gen_utilities/srv/Ptcloud2ToPtcloud.l, /workspace/ros_ws/devel/share/roseus/ros/gen_utilities/srv/Ptcloud2ToPtcloud.l)
Linked: (/workspace/ros_ws/devel/.private/gen_utilities/share/roseus/ros/gen_utilities/srv/PTPPathGen.l, /workspace/ros_ws/devel/share/roseus/ros/gen_utilities/srv/PTPPathGen.l)
Linked: (/workspace/ros_ws/devel/.private/gen_utilities/share/roseus/ros/gen_utilities/srv/ContactBasedReg.l, /workspace/ros_ws/devel/share/roseus/ros/gen_utilities/srv/ContactBasedReg.l)
Linked: (/workspace/ros_ws/devel/.private/gen_utilities/share/roseus/ros/gen_utilities/srv/GenerateGraspingPath.l, /workspace/ros_ws/devel/share/roseus/ros/gen_utilities/srv/GenerateGraspingPath.l)
Linked: (/workspace/ros_ws/devel/.private/gen_utilities/share/roseus/ros/gen_utilities/srv/TrajContainerSrv.l, /workspace/ros_ws/devel/share/roseus/ros/gen_utilities/srv/TrajContainerSrv.l)
Linked: (/workspace/ros_ws/devel/.private/gen_utilities/share/roseus/ros/gen_utilities/srv/GenerateDrapingPath.l, /workspace/ros_ws/devel/share/roseus/ros/gen_utilities/srv/GenerateDrapingPath.l)
Linked: (/workspace/ros_ws/devel/.private/gen_utilities/share/roseus/ros/gen_utilities/srv/VisionBasedRegICP.l, /workspace/ros_ws/devel/share/roseus/ros/gen_utilities/srv/VisionBasedRegICP.l)
Linked: (/workspace/ros_ws/devel/.private/gen_utilities/share/roseus/ros/gen_utilities/srv/MoldPlacementPlan.l, /workspace/ros_ws/devel/share/roseus/ros/gen_utilities/srv/MoldPlacementPlan.l)
Linked: (/workspace/ros_ws/devel/.private/gen_utilities/share/gen_utilities/cmake/gen_utilitiesConfig-version.cmake, /workspace/ros_ws/devel/share/gen_utilities/cmake/gen_utilitiesConfig-version.cmake)
Linked: (/workspace/ros_ws/devel/.private/gen_utilities/share/gen_utilities/cmake/gen_utilities-msg-extras.cmake, /workspace/ros_ws/devel/share/gen_utilities/cmake/gen_utilities-msg-extras.cmake)
Linked: (/workspace/ros_ws/devel/.private/gen_utilities/share/gen_utilities/cmake/gen_utilitiesConfig.cmake, /workspace/ros_ws/devel/share/gen_utilities/cmake/gen_utilitiesConfig.cmake)
Linked: (/workspace/ros_ws/devel/.private/gen_utilities/share/gen_utilities/cmake/gen_utilities-msg-paths.cmake, /workspace/ros_ws/devel/share/gen_utilities/cmake/gen_utilities-msg-paths.cmake)
Linked: (/workspace/ros_ws/devel/.private/gen_utilities/share/gennodejs/ros/gen_utilities/_index.js, /workspace/ros_ws/devel/share/gennodejs/ros/gen_utilities/_index.js)
Linked: (/workspace/ros_ws/devel/.private/gen_utilities/share/gennodejs/ros/gen_utilities/msg/KukaJointAngles.js, /workspace/ros_ws/devel/share/gennodejs/ros/gen_utilities/msg/KukaJointAngles.js)
Linked: (/workspace/ros_ws/devel/.private/gen_utilities/share/gennodejs/ros/gen_utilities/msg/Waypoints.js, /workspace/ros_ws/devel/share/gennodejs/ros/gen_utilities/msg/Waypoints.js)
Linked: (/workspace/ros_ws/devel/.private/gen_utilities/share/gennodejs/ros/gen_utilities/msg/XYZ_nxnynz.js, /workspace/ros_ws/devel/share/gennodejs/ros/gen_utilities/msg/XYZ_nxnynz.js)
Linked: (/workspace/ros_ws/devel/.private/gen_utilities/share/gennodejs/ros/gen_utilities/msg/TrajContainer.js, /workspace/ros_ws/devel/share/gennodejs/ros/gen_utilities/msg/TrajContainer.js)
Linked: (/workspace/ros_ws/devel/.private/gen_utilities/share/gennodejs/ros/gen_utilities/msg/KukaJointAnglesSet.js, /workspace/ros_ws/devel/share/gennodejs/ros/gen_utilities/msg/KukaJointAnglesSet.js)
Linked: (/workspace/ros_ws/devel/.private/gen_utilities/share/gennodejs/ros/gen_utilities/msg/_index.js, /workspace/ros_ws/devel/share/gennodejs/ros/gen_utilities/msg/_index.js)
Linked: (/workspace/ros_ws/devel/.private/gen_utilities/share/gennodejs/ros/gen_utilities/msg/XYZ_bxbybz.js, /workspace/ros_ws/devel/share/gennodejs/ros/gen_utilities/msg/XYZ_bxbybz.js)
Linked: (/workspace/ros_ws/devel/.private/gen_utilities/share/gennodejs/ros/gen_utilities/msg/XYZ_cba.js, /workspace/ros_ws/devel/share/gennodejs/ros/gen_utilities/msg/XYZ_cba.js)
Linked: (/workspace/ros_ws/devel/.private/gen_utilities/share/gennodejs/ros/gen_utilities/msg/dummyMessage.js, /workspace/ros_ws/devel/share/gennodejs/ros/gen_utilities/msg/dummyMessage.js)
Linked: (/workspace/ros_ws/devel/.private/gen_utilities/share/gennodejs/ros/gen_utilities/msg/IdxGroup.js, /workspace/ros_ws/devel/share/gennodejs/ros/gen_utilities/msg/IdxGroup.js)
Linked: (/workspace/ros_ws/devel/.private/gen_utilities/share/gennodejs/ros/gen_utilities/srv/GenerateGraspingPath.js, /workspace/ros_ws/devel/share/gennodejs/ros/gen_utilities/srv/GenerateGraspingPath.js)
Linked: (/workspace/ros_ws/devel/.private/gen_utilities/share/gennodejs/ros/gen_utilities/srv/ContactBasedReg.js, /workspace/ros_ws/devel/share/gennodejs/ros/gen_utilities/srv/ContactBasedReg.js)
Linked: (/workspace/ros_ws/devel/.private/gen_utilities/share/gennodejs/ros/gen_utilities/srv/Ptcloud2ToPtcloud.js, /workspace/ros_ws/devel/share/gennodejs/ros/gen_utilities/srv/Ptcloud2ToPtcloud.js)
Linked: (/workspace/ros_ws/devel/.private/gen_utilities/share/gennodejs/ros/gen_utilities/srv/VisionBasedRegICP.js, /workspace/ros_ws/devel/share/gennodejs/ros/gen_utilities/srv/VisionBasedRegICP.js)
Linked: (/workspace/ros_ws/devel/.private/gen_utilities/share/gennodejs/ros/gen_utilities/srv/GraspSyncServ.js, /workspace/ros_ws/devel/share/gennodejs/ros/gen_utilities/srv/GraspSyncServ.js)
Linked: (/workspace/ros_ws/devel/.private/gen_utilities/share/gennodejs/ros/gen_utilities/srv/PTPPathGen.js, /workspace/ros_ws/devel/share/gennodejs/ros/gen_utilities/srv/PTPPathGen.js)
Linked: (/workspace/ros_ws/devel/.private/gen_utilities/share/gennodejs/ros/gen_utilities/srv/_index.js, /workspace/ros_ws/devel/share/gennodejs/ros/gen_utilities/srv/_index.js)
Linked: (/workspace/ros_ws/devel/.private/gen_utilities/share/gennodejs/ros/gen_utilities/srv/MoldPlacementPlan.js, /workspace/ros_ws/devel/share/gennodejs/ros/gen_utilities/srv/MoldPlacementPlan.js)
Linked: (/workspace/ros_ws/devel/.private/gen_utilities/share/gennodejs/ros/gen_utilities/srv/TrajContainerSrv.js, /workspace/ros_ws/devel/share/gennodejs/ros/gen_utilities/srv/TrajContainerSrv.js)
Linked: (/workspace/ros_ws/devel/.private/gen_utilities/share/gennodejs/ros/gen_utilities/srv/GenerateDrapingPath.js, /workspace/ros_ws/devel/share/gennodejs/ros/gen_utilities/srv/GenerateDrapingPath.js)
Linked: (/workspace/ros_ws/devel/.private/gen_utilities/share/gennodejs/ros/gen_utilities/srv/DrapingSeqGenerator.js, /workspace/ros_ws/devel/share/gennodejs/ros/gen_utilities/srv/DrapingSeqGenerator.js)
