[  0%] Built target _gen_utilities_generate_messages_check_deps_PTPPathGen
[  0%] Built target _gen_utilities_generate_messages_check_deps_KukaJointAngles
[  0%] Built target _gen_utilities_generate_messages_check_deps_IdxGroup
[  0%] Built target _gen_utilities_generate_messages_check_deps_KukaJointAnglesSet
[  0%] Built target _gen_utilities_generate_messages_check_deps_GenerateGraspingPath
[  0%] Built target _gen_utilities_generate_messages_check_deps_TrajContainerSrv
[  0%] Built target _gen_utilities_generate_messages_check_deps_MoldPlacementPlan
[  0%] Built target _gen_utilities_generate_messages_check_deps_GraspSyncServ
[  0%] Built target std_msgs_generate_messages_py
[  0%] Built target geometry_msgs_generate_messages_py
[  0%] Built target _gen_utilities_generate_messages_check_deps_XYZ_bxbybz
[  0%] Built target _gen_utilities_generate_messages_check_deps_dummyMessage
[  0%] Built target _gen_utilities_generate_messages_check_deps_XYZ_nxnynz
[  0%] Built target _gen_utilities_generate_messages_check_deps_TrajContainer
[  0%] Built target _gen_utilities_generate_messages_check_deps_Ptcloud2ToPtcloud
[  0%] Built target sensor_msgs_generate_messages_py
[  0%] Built target _gen_utilities_generate_messages_check_deps_VisionBasedRegICP
[  0%] Built target _gen_utilities_generate_messages_check_deps_ContactBasedReg
[  0%] Built target _gen_utilities_generate_messages_check_deps_XYZ_cba
[  0%] Built target geometry_msgs_generate_messages_nodejs
[  0%] Built target _gen_utilities_generate_messages_check_deps_GenerateDrapingPath
[  0%] Built target sensor_msgs_generate_messages_nodejs
[  0%] Built target _gen_utilities_generate_messages_check_deps_DrapingSeqGenerator
[  0%] Built target std_msgs_generate_messages_lisp
[  0%] Built target std_msgs_generate_messages_nodejs
[  0%] Built target _gen_utilities_generate_messages_check_deps_Waypoints
[  0%] Built target geometry_msgs_generate_messages_lisp
[  0%] Built target sensor_msgs_generate_messages_lisp
[  0%] Built target sensor_msgs_generate_messages_eus
[  0%] Built target std_msgs_generate_messages_eus
[  0%] Built target geometry_msgs_generate_messages_eus
[35m[1mScanning dependencies of target gen_utilities_generate_messages_py[0m
[35m[1mScanning dependencies of target gen_utilities_generate_messages_nodejs[0m
[  0%] Built target geometry_msgs_generate_messages_cpp
[  1%] [34m[1mGenerating Python from MSG gen_utilities/XYZ_bxbybz[0m
[  2%] [34m[1mGenerating Python from MSG gen_utilities/KukaJointAngles[0m
[  2%] Built target std_msgs_generate_messages_cpp
[  2%] Built target sensor_msgs_generate_messages_cpp
[35m[1mScanning dependencies of target gen_utilities_generate_messages_lisp[0m
[  3%] [34m[1mGenerating Javascript code from gen_utilities/XYZ_bxbybz.msg[0m
[35m[1mScanning dependencies of target gen_utilities_generate_messages_eus[0m
[  4%] [34m[1mGenerating Javascript code from gen_utilities/KukaJointAngles.msg[0m
[  5%] [34m[1mGenerating Lisp code from gen_utilities/XYZ_bxbybz.msg[0m
[  6%] [34m[1mGenerating EusLisp code from gen_utilities/XYZ_bxbybz.msg[0m
[  7%] [32mBuilding CXX object CMakeFiles/gen_utilities.dir/src/rosmsg_eigen_exchange.cpp.o[0m
[ 10%] [34m[1mGenerating Javascript code from gen_utilities/XYZ_cba.msg[0m
[ 10%] [34m[1mGenerating EusLisp code from gen_utilities/KukaJointAngles.msg[0m
[ 11%] [34m[1mGenerating Lisp code from gen_utilities/KukaJointAngles.msg[0m
[ 12%] [34m[1mGenerating EusLisp code from gen_utilities/XYZ_cba.msg[0m
[ 13%] [34m[1mGenerating EusLisp code from gen_utilities/TrajContainer.msg[0m
[ 15%] [34m[1mGenerating Javascript code from gen_utilities/TrajContainer.msg[0m
[ 15%] [34m[1mGenerating Lisp code from gen_utilities/XYZ_cba.msg[0m
[ 16%] [34m[1mGenerating Python from MSG gen_utilities/XYZ_cba[0m
[ 16%] [34m[1mGenerating EusLisp code from gen_utilities/IdxGroup.msg[0m
[ 17%] [34m[1mGenerating EusLisp code from gen_utilities/Waypoints.msg[0m
[ 18%] [34m[1mGenerating Javascript code from gen_utilities/IdxGroup.msg[0m
[ 20%] [34m[1mGenerating Lisp code from gen_utilities/TrajContainer.msg[0m
[ 20%] [34m[1mGenerating Lisp code from gen_utilities/IdxGroup.msg[0m
[ 21%] [34m[1mGenerating EusLisp code from gen_utilities/XYZ_nxnynz.msg[0m
[ 21%] [34m[1mGenerating Javascript code from gen_utilities/Waypoints.msg[0m
[ 22%] [34m[1mGenerating Javascript code from gen_utilities/dummyMessage.msg[0m
[ 23%] [34m[1mGenerating Javascript code from gen_utilities/XYZ_nxnynz.msg[0m
[ 24%] [34m[1mGenerating Lisp code from gen_utilities/Waypoints.msg[0m
[ 25%] [34m[1mGenerating Python from MSG gen_utilities/TrajContainer[0m
[ 26%] [34m[1mGenerating Javascript code from gen_utilities/KukaJointAnglesSet.msg[0m
[ 27%] [34m[1mGenerating Javascript code from gen_utilities/ContactBasedReg.srv[0m
[ 28%] [34m[1mGenerating Javascript code from gen_utilities/GenerateGraspingPath.srv[0m
[ 30%] [34m[1mGenerating Lisp code from gen_utilities/XYZ_nxnynz.msg[0m
[ 31%] [34m[1mGenerating EusLisp code from gen_utilities/dummyMessage.msg[0m
[ 31%] [34m[1mGenerating Javascript code from gen_utilities/Ptcloud2ToPtcloud.srv[0m
[ 32%] [34m[1mGenerating Lisp code from gen_utilities/dummyMessage.msg[0m
[ 33%] [34m[1mGenerating Javascript code from gen_utilities/TrajContainerSrv.srv[0m
[ 34%] [34m[1mGenerating EusLisp code from gen_utilities/KukaJointAnglesSet.msg[0m
[ 35%] [34m[1mGenerating Python from MSG gen_utilities/IdxGroup[0m
[ 36%] [34m[1mGenerating EusLisp code from gen_utilities/GenerateGraspingPath.srv[0m
[ 37%] [34m[1mGenerating Lisp code from gen_utilities/KukaJointAnglesSet.msg[0m
[ 38%] [34m[1mGenerating Javascript code from gen_utilities/VisionBasedRegICP.srv[0m
[ 40%] [34m[1mGenerating Javascript code from gen_utilities/MoldPlacementPlan.srv[0m
[ 41%] [34m[1mGenerating EusLisp code from gen_utilities/ContactBasedReg.srv[0m
[ 42%] [34m[1mGenerating Javascript code from gen_utilities/DrapingSeqGenerator.srv[0m
[ 42%] [34m[1mGenerating EusLisp code from gen_utilities/Ptcloud2ToPtcloud.srv[0m
[ 43%] [34m[1mGenerating Javascript code from gen_utilities/GenerateDrapingPath.srv[0m
[ 44%] [34m[1mGenerating Lisp code from gen_utilities/GenerateGraspingPath.srv[0m
[ 44%] [34m[1mGenerating Python from MSG gen_utilities/Waypoints[0m
[ 45%] [34m[1mGenerating EusLisp code from gen_utilities/TrajContainerSrv.srv[0m
[ 46%] [34m[1mGenerating EusLisp code from gen_utilities/VisionBasedRegICP.srv[0m
[ 47%] [34m[1mGenerating Javascript code from gen_utilities/PTPPathGen.srv[0m
[ 48%] [34m[1mGenerating Lisp code from gen_utilities/ContactBasedReg.srv[0m
[ 48%] [34m[1mGenerating Javascript code from gen_utilities/GraspSyncServ.srv[0m
[ 48%] [34m[1mGenerating Lisp code from gen_utilities/Ptcloud2ToPtcloud.srv[0m
[35m[1mScanning dependencies of target gen_utilities_generate_messages_cpp[0m
[ 48%] Built target gen_utilities_generate_messages_nodejs
[ 50%] [34m[1mGenerating EusLisp code from gen_utilities/MoldPlacementPlan.srv[0m
[ 51%] [34m[1mGenerating EusLisp code from gen_utilities/DrapingSeqGenerator.srv[0m
[ 52%] [34m[1mGenerating Lisp code from gen_utilities/TrajContainerSrv.srv[0m
[ 53%] [34m[1mGenerating C++ code from gen_utilities/XYZ_bxbybz.msg[0m
[ 54%] [34m[1mGenerating Python from MSG gen_utilities/XYZ_nxnynz[0m
[ 55%] [34m[1mGenerating Python from MSG gen_utilities/dummyMessage[0m
[ 56%] [34m[1mGenerating Lisp code from gen_utilities/VisionBasedRegICP.srv[0m
[ 57%] [34m[1mGenerating EusLisp code from gen_utilities/GenerateDrapingPath.srv[0m
[ 58%] [34m[1mGenerating C++ code from gen_utilities/KukaJointAngles.msg[0m
[01m[K/workspace/ros_ws/src/gen_utilities/src/rosmsg_eigen_exchange.cpp:10:37:[m[K [01;31m[Kfatal error: [m[Kgen_utilities/Waypoints.h: No such file or directory
compilation terminated.
CMakeFiles/gen_utilities.dir/build.make:230: recipe for target 'CMakeFiles/gen_utilities.dir/src/rosmsg_eigen_exchange.cpp.o' failed
CMakeFiles/Makefile2:1909: recipe for target 'CMakeFiles/gen_utilities.dir/all' failed
make[2]: *** [CMakeFiles/gen_utilities.dir/src/rosmsg_eigen_exchange.cpp.o] Error 1
make[1]: *** [CMakeFiles/gen_utilities.dir/all] Error 2
make[1]: *** Waiting for unfinished jobs....
[ 60%] [34m[1mGenerating C++ code from gen_utilities/XYZ_cba.msg[0m
[ 61%] [34m[1mGenerating Lisp code from gen_utilities/MoldPlacementPlan.srv[0m
[ 61%] [34m[1mGenerating EusLisp code from gen_utilities/PTPPathGen.srv[0m
[ 62%] [34m[1mGenerating Python from MSG gen_utilities/KukaJointAnglesSet[0m
[ 63%] [34m[1mGenerating Python code from SRV gen_utilities/GenerateGraspingPath[0m
[ 64%] [34m[1mGenerating Lisp code from gen_utilities/DrapingSeqGenerator.srv[0m
[ 65%] [34m[1mGenerating C++ code from gen_utilities/TrajContainer.msg[0m
[ 66%] [34m[1mGenerating EusLisp code from gen_utilities/GraspSyncServ.srv[0m
[ 67%] [34m[1mGenerating Lisp code from gen_utilities/GenerateDrapingPath.srv[0m
[ 67%] [34m[1mGenerating Lisp code from gen_utilities/PTPPathGen.srv[0m
[ 68%] [34m[1mGenerating Python code from SRV gen_utilities/ContactBasedReg[0m
[ 70%] [34m[1mGenerating Lisp code from gen_utilities/GraspSyncServ.srv[0m
[ 70%] [34m[1mGenerating C++ code from gen_utilities/IdxGroup.msg[0m
[ 71%] [34m[1mGenerating EusLisp manifest code for gen_utilities[0m
[ 72%] [34m[1mGenerating Python code from SRV gen_utilities/Ptcloud2ToPtcloud[0m
[ 72%] [34m[1mGenerating Python code from SRV gen_utilities/TrajContainerSrv[0m
[ 72%] Built target gen_utilities_generate_messages_lisp
[ 73%] [34m[1mGenerating Python code from SRV gen_utilities/VisionBasedRegICP[0m
[ 74%] [34m[1mGenerating Python code from SRV gen_utilities/MoldPlacementPlan[0m
[ 75%] [34m[1mGenerating C++ code from gen_utilities/Waypoints.msg[0m
[ 76%] [34m[1mGenerating Python code from SRV gen_utilities/DrapingSeqGenerator[0m
[ 77%] [34m[1mGenerating C++ code from gen_utilities/XYZ_nxnynz.msg[0m
[ 78%] [34m[1mGenerating Python code from SRV gen_utilities/PTPPathGen[0m
[ 80%] [34m[1mGenerating Python code from SRV gen_utilities/GenerateDrapingPath[0m
[ 80%] [34m[1mGenerating Python code from SRV gen_utilities/GraspSyncServ[0m
[ 81%] [34m[1mGenerating C++ code from gen_utilities/dummyMessage.msg[0m
[ 82%] [34m[1mGenerating C++ code from gen_utilities/KukaJointAnglesSet.msg[0m
[ 83%] [34m[1mGenerating C++ code from gen_utilities/GenerateGraspingPath.srv[0m
[ 83%] [34m[1mGenerating C++ code from gen_utilities/ContactBasedReg.srv[0m
[ 84%] [34m[1mGenerating Python msg __init__.py for gen_utilities[0m
[ 85%] [34m[1mGenerating C++ code from gen_utilities/Ptcloud2ToPtcloud.srv[0m
[ 86%] [34m[1mGenerating C++ code from gen_utilities/TrajContainerSrv.srv[0m
[ 87%] [34m[1mGenerating Python srv __init__.py for gen_utilities[0m
[ 88%] [34m[1mGenerating C++ code from gen_utilities/VisionBasedRegICP.srv[0m
[ 88%] Built target gen_utilities_generate_messages_py
[ 90%] [34m[1mGenerating C++ code from gen_utilities/MoldPlacementPlan.srv[0m
[ 91%] [34m[1mGenerating C++ code from gen_utilities/DrapingSeqGenerator.srv[0m
[ 92%] [34m[1mGenerating C++ code from gen_utilities/GenerateDrapingPath.srv[0m
[ 92%] [34m[1mGenerating C++ code from gen_utilities/PTPPathGen.srv[0m
[ 93%] [34m[1mGenerating C++ code from gen_utilities/GraspSyncServ.srv[0m
[ 93%] Built target gen_utilities_generate_messages_eus
[ 93%] Built target gen_utilities_generate_messages_cpp
Makefile:138: recipe for target 'all' failed
make: *** [all] Error 2
