[  0%] Built target _gen_utilities_generate_messages_check_deps_KukaJointAngles
[  0%] Built target _gen_utilities_generate_messages_check_deps_GenerateGraspingPath
[  0%] Built target _gen_utilities_generate_messages_check_deps_PTPPathGen
[  0%] Built target _gen_utilities_generate_messages_check_deps_TrajContainerSrv
[  0%] Built target _gen_utilities_generate_messages_check_deps_IdxGroup
[  0%] Built target _gen_utilities_generate_messages_check_deps_KukaJointAnglesSet
[  0%] Built target _gen_utilities_generate_messages_check_deps_MoldPlacementPlan
[  0%] Built target _gen_utilities_generate_messages_check_deps_GraspSyncServ
[  0%] Built target _gen_utilities_generate_messages_check_deps_XYZ_bxbybz
[  0%] Built target std_msgs_generate_messages_py
[  0%] Built target geometry_msgs_generate_messages_py
[  0%] Built target _gen_utilities_generate_messages_check_deps_dummyMessage
[  0%] Built target _gen_utilities_generate_messages_check_deps_XYZ_nxnynz
[  0%] Built target _gen_utilities_generate_messages_check_deps_TrajContainer
[  0%] Built target _gen_utilities_generate_messages_check_deps_Ptcloud2ToPtcloud
[  0%] Built target sensor_msgs_generate_messages_py
[  0%] Built target _gen_utilities_generate_messages_check_deps_XYZ_cba
[  0%] Built target _gen_utilities_generate_messages_check_deps_VisionBasedRegICP
[  0%] Built target _gen_utilities_generate_messages_check_deps_ContactBasedReg
[  0%] Built target _gen_utilities_generate_messages_check_deps_GenerateDrapingPath
[  0%] Built target _gen_utilities_generate_messages_check_deps_DrapingSeqGenerator
[  0%] Built target geometry_msgs_generate_messages_nodejs
[  0%] Built target _gen_utilities_generate_messages_check_deps_Waypoints
[  0%] Built target std_msgs_generate_messages_nodejs
[  0%] Built target std_msgs_generate_messages_lisp
[  0%] Built target sensor_msgs_generate_messages_nodejs
[  0%] Built target geometry_msgs_generate_messages_lisp
[  0%] Built target sensor_msgs_generate_messages_lisp
[  0%] Built target sensor_msgs_generate_messages_eus
[  0%] Built target geometry_msgs_generate_messages_eus
[  0%] Built target std_msgs_generate_messages_eus
[  0%] Built target sensor_msgs_generate_messages_cpp
[  0%] Built target geometry_msgs_generate_messages_cpp
[  0%] Built target std_msgs_generate_messages_cpp
[ 17%] Built target gen_utilities_generate_messages_nodejs
[ 37%] Built target gen_utilities_generate_messages_py
[ 55%] Built target gen_utilities_generate_messages_lisp
[ 73%] Built target gen_utilities_generate_messages_cpp
[ 92%] Built target gen_utilities_generate_messages_eus
[35m[1mScanning dependencies of target gen_utilities_generate_messages[0m
[ 92%] Built target gen_utilities_generate_messages
[ 93%] [32mBuilding CXX object CMakeFiles/gen_utilities.dir/src/rosmsg_eigen_exchange.cpp.o[0m
[ 94%] [32m[1mLinking CXX shared library /workspace/ros_ws/devel/.private/gen_utilities/lib/libgen_utilities.so[0m
[100%] Built target gen_utilities
