Symlinking /workspace/ros_ws/devel/include/gen_utilities/dummyMessage.h
Symlinking /workspace/ros_ws/devel/include/gen_utilities/ContactBasedRegRequest.h
Symlinking /workspace/ros_ws/devel/include/gen_utilities/GenerateDrapingPathResponse.h
Symlinking /workspace/ros_ws/devel/include/gen_utilities/TrajContainer.h
Symlinking /workspace/ros_ws/devel/include/gen_utilities/PTPPathGenRequest.h
Symlinking /workspace/ros_ws/devel/include/gen_utilities/Ptcloud2ToPtcloud.h
Symlinking /workspace/ros_ws/devel/include/gen_utilities/MoldPlacementPlan.h
Symlinking /workspace/ros_ws/devel/include/gen_utilities/GenerateGraspingPathResponse.h
Symlinking /workspace/ros_ws/devel/include/gen_utilities/ContactBasedReg.h
Symlinking /workspace/ros_ws/devel/include/gen_utilities/GenerateGraspingPathRequest.h
Symlinking /workspace/ros_ws/devel/include/gen_utilities/XYZ_nxnynz.h
Symlinking /workspace/ros_ws/devel/include/gen_utilities/MoldPlacementPlanRequest.h
Symlinking /workspace/ros_ws/devel/include/gen_utilities/IdxGroup.h
Symlinking /workspace/ros_ws/devel/include/gen_utilities/DrapingSeqGeneratorResponse.h
Symlinking /workspace/ros_ws/devel/include/gen_utilities/KukaJointAngles.h
Symlinking /workspace/ros_ws/devel/include/gen_utilities/PTPPathGenResponse.h
Symlinking /workspace/ros_ws/devel/include/gen_utilities/XYZ_bxbybz.h
Symlinking /workspace/ros_ws/devel/include/gen_utilities/PTPPathGen.h
Symlinking /workspace/ros_ws/devel/include/gen_utilities/VisionBasedRegICP.h
Symlinking /workspace/ros_ws/devel/include/gen_utilities/DrapingSeqGenerator.h
Symlinking /workspace/ros_ws/devel/include/gen_utilities/GraspSyncServResponse.h
Symlinking /workspace/ros_ws/devel/include/gen_utilities/ContactBasedRegResponse.h
Symlinking /workspace/ros_ws/devel/include/gen_utilities/Ptcloud2ToPtcloudRequest.h
Symlinking /workspace/ros_ws/devel/include/gen_utilities/GenerateGraspingPath.h
Symlinking /workspace/ros_ws/devel/include/gen_utilities/XYZ_cba.h
Symlinking /workspace/ros_ws/devel/include/gen_utilities/GraspSyncServRequest.h
Symlinking /workspace/ros_ws/devel/include/gen_utilities/TrajContainerSrvRequest.h
Symlinking /workspace/ros_ws/devel/include/gen_utilities/Waypoints.h
Symlinking /workspace/ros_ws/devel/include/gen_utilities/KukaJointAnglesSet.h
Symlinking /workspace/ros_ws/devel/include/gen_utilities/GenerateDrapingPath.h
Symlinking /workspace/ros_ws/devel/include/gen_utilities/TrajContainerSrv.h
Symlinking /workspace/ros_ws/devel/include/gen_utilities/GenerateDrapingPathRequest.h
Symlinking /workspace/ros_ws/devel/include/gen_utilities/Ptcloud2ToPtcloudResponse.h
Symlinking /workspace/ros_ws/devel/include/gen_utilities/VisionBasedRegICPRequest.h
Symlinking /workspace/ros_ws/devel/include/gen_utilities/TrajContainerSrvResponse.h
Symlinking /workspace/ros_ws/devel/include/gen_utilities/DrapingSeqGeneratorRequest.h
Symlinking /workspace/ros_ws/devel/include/gen_utilities/GraspSyncServ.h
Symlinking /workspace/ros_ws/devel/include/gen_utilities/VisionBasedRegICPResponse.h
Symlinking /workspace/ros_ws/devel/include/gen_utilities/MoldPlacementPlanResponse.h
Symlinking /workspace/ros_ws/devel/lib/libgen_utilities.so
Symlinking /workspace/ros_ws/devel/lib/pkgconfig/gen_utilities.pc
Symlinking /workspace/ros_ws/devel/lib/python2.7/dist-packages/gen_utilities/__init__.py
Symlinking /workspace/ros_ws/devel/lib/python2.7/dist-packages/gen_utilities/msg/_TrajContainer.py
Symlinking /workspace/ros_ws/devel/lib/python2.7/dist-packages/gen_utilities/msg/__init__.py
Symlinking /workspace/ros_ws/devel/lib/python2.7/dist-packages/gen_utilities/msg/_KukaJointAnglesSet.py
Symlinking /workspace/ros_ws/devel/lib/python2.7/dist-packages/gen_utilities/msg/_KukaJointAngles.py
Symlinking /workspace/ros_ws/devel/lib/python2.7/dist-packages/gen_utilities/msg/_dummyMessage.py
Symlinking /workspace/ros_ws/devel/lib/python2.7/dist-packages/gen_utilities/msg/_XYZ_bxbybz.py
Symlinking /workspace/ros_ws/devel/lib/python2.7/dist-packages/gen_utilities/msg/_Waypoints.py
Symlinking /workspace/ros_ws/devel/lib/python2.7/dist-packages/gen_utilities/msg/_XYZ_cba.py
Symlinking /workspace/ros_ws/devel/lib/python2.7/dist-packages/gen_utilities/msg/_IdxGroup.py
Symlinking /workspace/ros_ws/devel/lib/python2.7/dist-packages/gen_utilities/msg/_XYZ_nxnynz.py
Symlinking /workspace/ros_ws/devel/lib/python2.7/dist-packages/gen_utilities/srv/__init__.py
Symlinking /workspace/ros_ws/devel/lib/python2.7/dist-packages/gen_utilities/srv/_VisionBasedRegICP.py
Symlinking /workspace/ros_ws/devel/lib/python2.7/dist-packages/gen_utilities/srv/_DrapingSeqGenerator.py
Symlinking /workspace/ros_ws/devel/lib/python2.7/dist-packages/gen_utilities/srv/_GenerateDrapingPath.py
Symlinking /workspace/ros_ws/devel/lib/python2.7/dist-packages/gen_utilities/srv/_MoldPlacementPlan.py
Symlinking /workspace/ros_ws/devel/lib/python2.7/dist-packages/gen_utilities/srv/_TrajContainerSrv.py
Symlinking /workspace/ros_ws/devel/lib/python2.7/dist-packages/gen_utilities/srv/_GenerateGraspingPath.py
Symlinking /workspace/ros_ws/devel/lib/python2.7/dist-packages/gen_utilities/srv/_GraspSyncServ.py
Symlinking /workspace/ros_ws/devel/lib/python2.7/dist-packages/gen_utilities/srv/_Ptcloud2ToPtcloud.py
Symlinking /workspace/ros_ws/devel/lib/python2.7/dist-packages/gen_utilities/srv/_ContactBasedReg.py
Symlinking /workspace/ros_ws/devel/lib/python2.7/dist-packages/gen_utilities/srv/_PTPPathGen.py
Symlinking /workspace/ros_ws/devel/share/common-lisp/ros/gen_utilities/msg/TrajContainer.lisp
Symlinking /workspace/ros_ws/devel/share/common-lisp/ros/gen_utilities/msg/XYZ_nxnynz.lisp
Symlinking /workspace/ros_ws/devel/share/common-lisp/ros/gen_utilities/msg/_package_IdxGroup.lisp
Symlinking /workspace/ros_ws/devel/share/common-lisp/ros/gen_utilities/msg/IdxGroup.lisp
Symlinking /workspace/ros_ws/devel/share/common-lisp/ros/gen_utilities/msg/_package_XYZ_bxbybz.lisp
Symlinking /workspace/ros_ws/devel/share/common-lisp/ros/gen_utilities/msg/XYZ_cba.lisp
Symlinking /workspace/ros_ws/devel/share/common-lisp/ros/gen_utilities/msg/_package_dummyMessage.lisp
Symlinking /workspace/ros_ws/devel/share/common-lisp/ros/gen_utilities/msg/_package.lisp
Symlinking /workspace/ros_ws/devel/share/common-lisp/ros/gen_utilities/msg/KukaJointAngles.lisp
Symlinking /workspace/ros_ws/devel/share/common-lisp/ros/gen_utilities/msg/dummyMessage.lisp
Symlinking /workspace/ros_ws/devel/share/common-lisp/ros/gen_utilities/msg/_package_XYZ_cba.lisp
Symlinking /workspace/ros_ws/devel/share/common-lisp/ros/gen_utilities/msg/_package_XYZ_nxnynz.lisp
Symlinking /workspace/ros_ws/devel/share/common-lisp/ros/gen_utilities/msg/_package_KukaJointAngles.lisp
Symlinking /workspace/ros_ws/devel/share/common-lisp/ros/gen_utilities/msg/_package_Waypoints.lisp
Symlinking /workspace/ros_ws/devel/share/common-lisp/ros/gen_utilities/msg/KukaJointAnglesSet.lisp
Symlinking /workspace/ros_ws/devel/share/common-lisp/ros/gen_utilities/msg/XYZ_bxbybz.lisp
Symlinking /workspace/ros_ws/devel/share/common-lisp/ros/gen_utilities/msg/_package_TrajContainer.lisp
Symlinking /workspace/ros_ws/devel/share/common-lisp/ros/gen_utilities/msg/_package_KukaJointAnglesSet.lisp
Symlinking /workspace/ros_ws/devel/share/common-lisp/ros/gen_utilities/msg/Waypoints.lisp
Symlinking /workspace/ros_ws/devel/share/common-lisp/ros/gen_utilities/msg/gen_utilities-msg.asd
Symlinking /workspace/ros_ws/devel/share/common-lisp/ros/gen_utilities/srv/_package_GenerateDrapingPath.lisp
Symlinking /workspace/ros_ws/devel/share/common-lisp/ros/gen_utilities/srv/_package_PTPPathGen.lisp
Symlinking /workspace/ros_ws/devel/share/common-lisp/ros/gen_utilities/srv/GenerateDrapingPath.lisp
Symlinking /workspace/ros_ws/devel/share/common-lisp/ros/gen_utilities/srv/_package_Ptcloud2ToPtcloud.lisp
Symlinking /workspace/ros_ws/devel/share/common-lisp/ros/gen_utilities/srv/MoldPlacementPlan.lisp
Symlinking /workspace/ros_ws/devel/share/common-lisp/ros/gen_utilities/srv/_package_MoldPlacementPlan.lisp
Symlinking /workspace/ros_ws/devel/share/common-lisp/ros/gen_utilities/srv/VisionBasedRegICP.lisp
Symlinking /workspace/ros_ws/devel/share/common-lisp/ros/gen_utilities/srv/_package_ContactBasedReg.lisp
Symlinking /workspace/ros_ws/devel/share/common-lisp/ros/gen_utilities/srv/_package_VisionBasedRegICP.lisp
Symlinking /workspace/ros_ws/devel/share/common-lisp/ros/gen_utilities/srv/TrajContainerSrv.lisp
Symlinking /workspace/ros_ws/devel/share/common-lisp/ros/gen_utilities/srv/_package_TrajContainerSrv.lisp
Symlinking /workspace/ros_ws/devel/share/common-lisp/ros/gen_utilities/srv/Ptcloud2ToPtcloud.lisp
Symlinking /workspace/ros_ws/devel/share/common-lisp/ros/gen_utilities/srv/_package.lisp
Symlinking /workspace/ros_ws/devel/share/common-lisp/ros/gen_utilities/srv/_package_GenerateGraspingPath.lisp
Symlinking /workspace/ros_ws/devel/share/common-lisp/ros/gen_utilities/srv/GraspSyncServ.lisp
Symlinking /workspace/ros_ws/devel/share/common-lisp/ros/gen_utilities/srv/DrapingSeqGenerator.lisp
Symlinking /workspace/ros_ws/devel/share/common-lisp/ros/gen_utilities/srv/GenerateGraspingPath.lisp
Symlinking /workspace/ros_ws/devel/share/common-lisp/ros/gen_utilities/srv/PTPPathGen.lisp
Symlinking /workspace/ros_ws/devel/share/common-lisp/ros/gen_utilities/srv/gen_utilities-srv.asd
Symlinking /workspace/ros_ws/devel/share/common-lisp/ros/gen_utilities/srv/_package_GraspSyncServ.lisp
Symlinking /workspace/ros_ws/devel/share/common-lisp/ros/gen_utilities/srv/_package_DrapingSeqGenerator.lisp
Symlinking /workspace/ros_ws/devel/share/common-lisp/ros/gen_utilities/srv/ContactBasedReg.lisp
Symlinking /workspace/ros_ws/devel/share/roseus/ros/gen_utilities/manifest.l
Symlinking /workspace/ros_ws/devel/share/roseus/ros/gen_utilities/msg/IdxGroup.l
Symlinking /workspace/ros_ws/devel/share/roseus/ros/gen_utilities/msg/Waypoints.l
Symlinking /workspace/ros_ws/devel/share/roseus/ros/gen_utilities/msg/XYZ_cba.l
Symlinking /workspace/ros_ws/devel/share/roseus/ros/gen_utilities/msg/KukaJointAnglesSet.l
Symlinking /workspace/ros_ws/devel/share/roseus/ros/gen_utilities/msg/XYZ_nxnynz.l
Symlinking /workspace/ros_ws/devel/share/roseus/ros/gen_utilities/msg/TrajContainer.l
Symlinking /workspace/ros_ws/devel/share/roseus/ros/gen_utilities/msg/KukaJointAngles.l
Symlinking /workspace/ros_ws/devel/share/roseus/ros/gen_utilities/msg/XYZ_bxbybz.l
Symlinking /workspace/ros_ws/devel/share/roseus/ros/gen_utilities/msg/dummyMessage.l
Symlinking /workspace/ros_ws/devel/share/roseus/ros/gen_utilities/srv/GraspSyncServ.l
Symlinking /workspace/ros_ws/devel/share/roseus/ros/gen_utilities/srv/DrapingSeqGenerator.l
Symlinking /workspace/ros_ws/devel/share/roseus/ros/gen_utilities/srv/Ptcloud2ToPtcloud.l
Symlinking /workspace/ros_ws/devel/share/roseus/ros/gen_utilities/srv/PTPPathGen.l
Symlinking /workspace/ros_ws/devel/share/roseus/ros/gen_utilities/srv/ContactBasedReg.l
Symlinking /workspace/ros_ws/devel/share/roseus/ros/gen_utilities/srv/GenerateGraspingPath.l
Symlinking /workspace/ros_ws/devel/share/roseus/ros/gen_utilities/srv/TrajContainerSrv.l
Symlinking /workspace/ros_ws/devel/share/roseus/ros/gen_utilities/srv/GenerateDrapingPath.l
Symlinking /workspace/ros_ws/devel/share/roseus/ros/gen_utilities/srv/VisionBasedRegICP.l
Symlinking /workspace/ros_ws/devel/share/roseus/ros/gen_utilities/srv/MoldPlacementPlan.l
Symlinking /workspace/ros_ws/devel/share/gen_utilities/cmake/gen_utilitiesConfig-version.cmake
Symlinking /workspace/ros_ws/devel/share/gen_utilities/cmake/gen_utilities-msg-extras.cmake
Symlinking /workspace/ros_ws/devel/share/gen_utilities/cmake/gen_utilitiesConfig.cmake
Symlinking /workspace/ros_ws/devel/share/gen_utilities/cmake/gen_utilities-msg-paths.cmake
Symlinking /workspace/ros_ws/devel/share/gennodejs/ros/gen_utilities/_index.js
Symlinking /workspace/ros_ws/devel/share/gennodejs/ros/gen_utilities/msg/KukaJointAngles.js
Symlinking /workspace/ros_ws/devel/share/gennodejs/ros/gen_utilities/msg/Waypoints.js
Symlinking /workspace/ros_ws/devel/share/gennodejs/ros/gen_utilities/msg/XYZ_nxnynz.js
Symlinking /workspace/ros_ws/devel/share/gennodejs/ros/gen_utilities/msg/TrajContainer.js
Symlinking /workspace/ros_ws/devel/share/gennodejs/ros/gen_utilities/msg/KukaJointAnglesSet.js
Symlinking /workspace/ros_ws/devel/share/gennodejs/ros/gen_utilities/msg/_index.js
Symlinking /workspace/ros_ws/devel/share/gennodejs/ros/gen_utilities/msg/XYZ_bxbybz.js
Symlinking /workspace/ros_ws/devel/share/gennodejs/ros/gen_utilities/msg/XYZ_cba.js
Symlinking /workspace/ros_ws/devel/share/gennodejs/ros/gen_utilities/msg/dummyMessage.js
Symlinking /workspace/ros_ws/devel/share/gennodejs/ros/gen_utilities/msg/IdxGroup.js
Symlinking /workspace/ros_ws/devel/share/gennodejs/ros/gen_utilities/srv/GenerateGraspingPath.js
Symlinking /workspace/ros_ws/devel/share/gennodejs/ros/gen_utilities/srv/ContactBasedReg.js
Symlinking /workspace/ros_ws/devel/share/gennodejs/ros/gen_utilities/srv/Ptcloud2ToPtcloud.js
Symlinking /workspace/ros_ws/devel/share/gennodejs/ros/gen_utilities/srv/VisionBasedRegICP.js
Symlinking /workspace/ros_ws/devel/share/gennodejs/ros/gen_utilities/srv/GraspSyncServ.js
Symlinking /workspace/ros_ws/devel/share/gennodejs/ros/gen_utilities/srv/PTPPathGen.js
Symlinking /workspace/ros_ws/devel/share/gennodejs/ros/gen_utilities/srv/_index.js
Symlinking /workspace/ros_ws/devel/share/gennodejs/ros/gen_utilities/srv/MoldPlacementPlan.js
Symlinking /workspace/ros_ws/devel/share/gennodejs/ros/gen_utilities/srv/TrajContainerSrv.js
Symlinking /workspace/ros_ws/devel/share/gennodejs/ros/gen_utilities/srv/GenerateDrapingPath.js
Symlinking /workspace/ros_ws/devel/share/gennodejs/ros/gen_utilities/srv/DrapingSeqGenerator.js
