[  0%] Built target _gen_utilities_generate_messages_check_deps_TrajContainerSrv
[  0%] Built target _gen_utilities_generate_messages_check_deps_IdxGroup
[  0%] Built target _gen_utilities_generate_messages_check_deps_GenerateGraspingPath
[  0%] Built target _gen_utilities_generate_messages_check_deps_KukaJointAnglesSet
[  0%] Built target _gen_utilities_generate_messages_check_deps_PTPPathGen
[  0%] Built target _gen_utilities_generate_messages_check_deps_KukaJointAngles
[  0%] Built target std_msgs_generate_messages_py
[  0%] Built target geometry_msgs_generate_messages_py
[  0%] Built target _gen_utilities_generate_messages_check_deps_MoldPlacementPlan
[  0%] Built target _gen_utilities_generate_messages_check_deps_GraspSyncServ
[  0%] Built target _gen_utilities_generate_messages_check_deps_XYZ_bxbybz
[  0%] Built target _gen_utilities_generate_messages_check_deps_dummyMessage
[  0%] Built target _gen_utilities_generate_messages_check_deps_XYZ_nxnynz
[  0%] Built target _gen_utilities_generate_messages_check_deps_TrajContainer
[  0%] Built target _gen_utilities_generate_messages_check_deps_Ptcloud2ToPtcloud
[  0%] Built target sensor_msgs_generate_messages_py
[  0%] Built target _gen_utilities_generate_messages_check_deps_XYZ_cba
[  0%] Built target _gen_utilities_generate_messages_check_deps_VisionBasedRegICP
[  0%] Built target _gen_utilities_generate_messages_check_deps_ContactBasedReg
[  0%] Built target _gen_utilities_generate_messages_check_deps_GenerateDrapingPath
[  0%] Built target _gen_utilities_generate_messages_check_deps_Waypoints
[  0%] Built target geometry_msgs_generate_messages_nodejs
[  0%] Built target _gen_utilities_generate_messages_check_deps_DrapingSeqGenerator
[  0%] Built target sensor_msgs_generate_messages_nodejs
[  0%] Built target std_msgs_generate_messages_nodejs
[  0%] Built target sensor_msgs_generate_messages_lisp
[  0%] Built target std_msgs_generate_messages_lisp
[  0%] Built target geometry_msgs_generate_messages_lisp
[  0%] Built target sensor_msgs_generate_messages_eus
[  0%] Built target std_msgs_generate_messages_eus
[  0%] Built target geometry_msgs_generate_messages_eus
[  0%] Built target geometry_msgs_generate_messages_cpp
[  0%] Built target sensor_msgs_generate_messages_cpp
[  0%] Built target std_msgs_generate_messages_cpp
[ 20%] Built target gen_utilities_generate_messages_py
[ 37%] Built target gen_utilities_generate_messages_nodejs
[ 45%] Built target gen_utilities
[ 63%] Built target gen_utilities_generate_messages_lisp
[ 82%] Built target gen_utilities_generate_messages_eus
[100%] Built target gen_utilities_generate_messages_cpp
[100%] Built target gen_utilities_generate_messages
