Not searching for unused variables given on the command line.
[36m--[0m The CXX compiler identification is GNU 5.4.0
[36m--[0m Check for working CXX compiler: /usr/bin/c++
[36m--[0m Check for working CXX compiler: /usr/bin/c++ -- works
[36m--[0m Detecting CXX compiler ABI info
[36m--[0m Detecting CXX compiler ABI info - done
[36m--[0m Detecting CXX compile features
[36m--[0m Detecting CXX compile features - done
[36m--[0m Set RPATH explicitly to '/workspace/ros_ws/devel/lib'
[36m--[0m Checking for module 'ccd'
[36m--[0m   Found ccd, version 2.0
[36m--[0m Checking for module 'libccd'
[36m--[0m   No package 'libccd' found
[36m--[0m Checking for module 'octomap'
[36m--[0m   Found octomap, version 1.8.1
[36m--[0m FCL uses OctoMap
[36m--[0m Performing Test COMPILER_SUPPORTS_VISIBILITY
[36m--[0m Performing Test COMPILER_SUPPORTS_VISIBILITY - Success
[36m--[0m Performing Test COMPILER_HAS_HIDDEN_VISIBILITY
[36m--[0m Performing Test COMPILER_HAS_HIDDEN_VISIBILITY - Success
[36m--[0m Performing Test COMPILER_HAS_HIDDEN_INLINE_VISIBILITY
[36m--[0m Performing Test COMPILER_HAS_HIDDEN_INLINE_VISIBILITY - Success
[36m--[0m Performing Test COMPILER_HAS_DEPRECATED_ATTR
[36m--[0m Performing Test COMPILER_HAS_DEPRECATED_ATTR - Success
[36m--[0m Configuring done
[36m--[0m Generating done
[36m--[0m Build files have been written to: /workspace/ros_ws/build/fcl
