[35m[1mScanning dependencies of target fcl[0m
[35m[1mScanning dependencies of target gtest[0m
[  0%] [32mBuilding CXX object test/CMakeFiles/gtest.dir/gtest/src/gtest-all.cc.o[0m
[  0%] [32mBuilding CXX object src/CMakeFiles/fcl.dir/geometry/collision_geometry.cpp.o[0m
[  1%] [32mBuilding CXX object src/CMakeFiles/fcl.dir/geometry/octree/octree.cpp.o[0m
[  1%] [32mBuilding CXX object src/CMakeFiles/fcl.dir/geometry/shape/convex.cpp.o[0m
[  2%] [32mBuilding CXX object src/CMakeFiles/fcl.dir/geometry/shape/triangle_p.cpp.o[0m
[  2%] [32mBuilding CXX object src/CMakeFiles/fcl.dir/geometry/shape/plane.cpp.o[0m
[  3%] [32mBuilding CXX object src/CMakeFiles/fcl.dir/geometry/shape/halfspace.cpp.o[0m
[  3%] [32mBuilding CXX object src/CMakeFiles/fcl.dir/geometry/shape/box.cpp.o[0m
[  4%] [32mBuilding CXX object src/CMakeFiles/fcl.dir/geometry/shape/shape_base.cpp.o[0m
[  4%] [32mBuilding CXX object src/CMakeFiles/fcl.dir/geometry/shape/sphere.cpp.o[0m
[  6%] [32mBuilding CXX object src/CMakeFiles/fcl.dir/geometry/shape/ellipsoid.cpp.o[0m
[  6%] [32m[1mLinking CXX static library ../lib/libgtest.a[0m
[  6%] [32mBuilding CXX object src/CMakeFiles/fcl.dir/geometry/shape/cone.cpp.o[0m
[  6%] Built target gtest
[35m[1mScanning dependencies of target gtest_main[0m
[  6%] [32mBuilding CXX object test/CMakeFiles/gtest_main.dir/gtest/src/gtest_main.cc.o[0m
[  7%] [32m[1mLinking CXX static library ../lib/libgtest_main.a[0m
[  7%] Built target gtest_main
[  8%] [32mBuilding CXX object src/CMakeFiles/fcl.dir/geometry/shape/capsule.cpp.o[0m
[  8%] [32mBuilding CXX object src/CMakeFiles/fcl.dir/geometry/shape/utility.cpp.o[0m
[  9%] [32mBuilding CXX object src/CMakeFiles/fcl.dir/geometry/shape/cylinder.cpp.o[0m
[  9%] [32mBuilding CXX object src/CMakeFiles/fcl.dir/geometry/bvh/detail/BVH_front.cpp.o[0m
[ 10%] [32mBuilding CXX object src/CMakeFiles/fcl.dir/geometry/bvh/BVH_utility.cpp.o[0m
[ 10%] [32mBuilding CXX object src/CMakeFiles/fcl.dir/geometry/bvh/BV_node_base.cpp.o[0m
[ 11%] [32mBuilding CXX object src/CMakeFiles/fcl.dir/narrowphase/distance.cpp.o[0m
[ 11%] [32mBuilding CXX object src/CMakeFiles/fcl.dir/narrowphase/detail/gjk_solver_indep.cpp.o[0m
[ 12%] [32mBuilding CXX object src/CMakeFiles/fcl.dir/narrowphase/detail/convexity_based_algorithm/epa.cpp.o[0m
[ 12%] [32mBuilding CXX object src/CMakeFiles/fcl.dir/narrowphase/detail/convexity_based_algorithm/minkowski_diff.cpp.o[0m
[ 13%] [32mBuilding CXX object src/CMakeFiles/fcl.dir/narrowphase/detail/convexity_based_algorithm/gjk.cpp.o[0m
[ 13%] [32mBuilding CXX object src/CMakeFiles/fcl.dir/narrowphase/detail/convexity_based_algorithm/gjk_libccd.cpp.o[0m
[ 14%] [32mBuilding CXX object src/CMakeFiles/fcl.dir/narrowphase/detail/traversal/traversal_node_base.cpp.o[0m
[ 15%] [32mBuilding CXX object src/CMakeFiles/fcl.dir/narrowphase/detail/traversal/traversal_recurse.cpp.o[0m
[ 15%] [32mBuilding CXX object src/CMakeFiles/fcl.dir/narrowphase/detail/traversal/distance/conservative_advancement_stack_data.cpp.o[0m
[ 16%] [32mBuilding CXX object src/CMakeFiles/fcl.dir/narrowphase/detail/traversal/distance/distance_traversal_node_base.cpp.o[0m
[ 16%] [32mBuilding CXX object src/CMakeFiles/fcl.dir/narrowphase/detail/traversal/distance/mesh_distance_traversal_node.cpp.o[0m
[ 17%] [32mBuilding CXX object src/CMakeFiles/fcl.dir/narrowphase/detail/traversal/distance/mesh_conservative_advancement_traversal_node.cpp.o[0m
[ 17%] [32mBuilding CXX object src/CMakeFiles/fcl.dir/narrowphase/detail/traversal/collision/collision_traversal_node_base.cpp.o[0m
[ 18%] [32mBuilding CXX object src/CMakeFiles/fcl.dir/narrowphase/detail/traversal/collision/mesh_continuous_collision_traversal_node.cpp.o[0m
[ 18%] [32mBuilding CXX object src/CMakeFiles/fcl.dir/narrowphase/detail/traversal/collision/mesh_collision_traversal_node.cpp.o[0m
[ 19%] [32mBuilding CXX object src/CMakeFiles/fcl.dir/narrowphase/detail/traversal/collision_node.cpp.o[0m
[ 19%] [32mBuilding CXX object src/CMakeFiles/fcl.dir/narrowphase/detail/primitive_shape_algorithm/plane.cpp.o[0m
[ 20%] [32mBuilding CXX object src/CMakeFiles/fcl.dir/narrowphase/detail/primitive_shape_algorithm/halfspace.cpp.o[0m
[ 20%] [32mBuilding CXX object src/CMakeFiles/fcl.dir/narrowphase/detail/primitive_shape_algorithm/box_box.cpp.o[0m
[ 21%] [32mBuilding CXX object src/CMakeFiles/fcl.dir/narrowphase/detail/primitive_shape_algorithm/sphere_capsule.cpp.o[0m
[ 21%] [32mBuilding CXX object src/CMakeFiles/fcl.dir/narrowphase/detail/primitive_shape_algorithm/capsule_capsule.cpp.o[0m
[ 22%] [32mBuilding CXX object src/CMakeFiles/fcl.dir/narrowphase/detail/primitive_shape_algorithm/sphere_box.cpp.o[0m
[ 22%] [32mBuilding CXX object src/CMakeFiles/fcl.dir/narrowphase/detail/primitive_shape_algorithm/triangle_distance.cpp.o[0m
[ 23%] [32mBuilding CXX object src/CMakeFiles/fcl.dir/narrowphase/detail/primitive_shape_algorithm/sphere_cylinder.cpp.o[0m
[ 23%] [32mBuilding CXX object src/CMakeFiles/fcl.dir/narrowphase/detail/primitive_shape_algorithm/intersect.cpp.o[0m
[ 24%] [32mBuilding CXX object src/CMakeFiles/fcl.dir/narrowphase/detail/primitive_shape_algorithm/sphere_triangle.cpp.o[0m
[ 24%] [32mBuilding CXX object src/CMakeFiles/fcl.dir/narrowphase/detail/primitive_shape_algorithm/sphere_sphere.cpp.o[0m
[ 25%] [32mBuilding CXX object src/CMakeFiles/fcl.dir/narrowphase/detail/gjk_solver_libccd.cpp.o[0m
[ 25%] [32mBuilding CXX object src/CMakeFiles/fcl.dir/narrowphase/detail/failed_at_this_configuration.cpp.o[0m
[ 26%] [32mBuilding CXX object src/CMakeFiles/fcl.dir/narrowphase/continuous_collision_object.cpp.o[0m
[ 27%] [32mBuilding CXX object src/CMakeFiles/fcl.dir/narrowphase/contact.cpp.o[0m
[ 27%] [32mBuilding CXX object src/CMakeFiles/fcl.dir/narrowphase/collision_request.cpp.o[0m
[ 28%] [32mBuilding CXX object src/CMakeFiles/fcl.dir/narrowphase/distance_result.cpp.o[0m
[ 28%] [32mBuilding CXX object src/CMakeFiles/fcl.dir/narrowphase/continuous_collision_request.cpp.o[0m
[ 29%] [32mBuilding CXX object src/CMakeFiles/fcl.dir/narrowphase/cost_source.cpp.o[0m
[ 29%] [32mBuilding CXX object src/CMakeFiles/fcl.dir/narrowphase/distance_request.cpp.o[0m
[ 30%] [32mBuilding CXX object src/CMakeFiles/fcl.dir/narrowphase/collision_object.cpp.o[0m
[ 30%] [32mBuilding CXX object src/CMakeFiles/fcl.dir/narrowphase/contact_point.cpp.o[0m
[ 31%] [32mBuilding CXX object src/CMakeFiles/fcl.dir/narrowphase/collision_result.cpp.o[0m
[ 31%] [32mBuilding CXX object src/CMakeFiles/fcl.dir/narrowphase/continuous_collision.cpp.o[0m
[ 32%] [32mBuilding CXX object src/CMakeFiles/fcl.dir/narrowphase/collision.cpp.o[0m
[ 32%] [32mBuilding CXX object src/CMakeFiles/fcl.dir/narrowphase/continuous_collision_result.cpp.o[0m
[ 33%] [32mBuilding CXX object src/CMakeFiles/fcl.dir/math/detail/seed.cpp.o[0m
[ 33%] [32mBuilding CXX object src/CMakeFiles/fcl.dir/math/detail/polysolver.cpp.o[0m
[ 34%] [32mBuilding CXX object src/CMakeFiles/fcl.dir/math/detail/project.cpp.o[0m
[ 34%] [32mBuilding CXX object src/CMakeFiles/fcl.dir/math/rng.cpp.o[0m
[ 35%] [32mBuilding CXX object src/CMakeFiles/fcl.dir/math/geometry.cpp.o[0m
[ 35%] [32mBuilding CXX object src/CMakeFiles/fcl.dir/math/constants.cpp.o[0m
[ 36%] [32mBuilding CXX object src/CMakeFiles/fcl.dir/math/bv/kDOP.cpp.o[0m
[ 36%] [32mBuilding CXX object src/CMakeFiles/fcl.dir/math/bv/OBBRSS.cpp.o[0m
[ 37%] [32mBuilding CXX object src/CMakeFiles/fcl.dir/math/bv/AABB.cpp.o[0m
[ 37%] [32mBuilding CXX object src/CMakeFiles/fcl.dir/math/bv/RSS.cpp.o[0m
[ 38%] [32mBuilding CXX object src/CMakeFiles/fcl.dir/math/bv/OBB.cpp.o[0m
[ 38%] [32mBuilding CXX object src/CMakeFiles/fcl.dir/math/bv/utility.cpp.o[0m
[ 39%] [32mBuilding CXX object src/CMakeFiles/fcl.dir/math/bv/kIOS.cpp.o[0m
[ 40%] [32mBuilding CXX object src/CMakeFiles/fcl.dir/math/motion/screw_motion.cpp.o[0m
[ 40%] [32mBuilding CXX object src/CMakeFiles/fcl.dir/math/motion/taylor_model/taylor_matrix.cpp.o[0m
[ 41%] [32mBuilding CXX object src/CMakeFiles/fcl.dir/math/motion/taylor_model/interval_matrix.cpp.o[0m
[ 41%] [32mBuilding CXX object src/CMakeFiles/fcl.dir/math/motion/taylor_model/taylor_vector.cpp.o[0m
[ 42%] [32mBuilding CXX object src/CMakeFiles/fcl.dir/math/motion/taylor_model/interval.cpp.o[0m
[ 42%] [32mBuilding CXX object src/CMakeFiles/fcl.dir/math/motion/taylor_model/taylor_model.cpp.o[0m
[ 43%] [32mBuilding CXX object src/CMakeFiles/fcl.dir/math/motion/taylor_model/time_interval.cpp.o[0m
[ 43%] [32mBuilding CXX object src/CMakeFiles/fcl.dir/math/motion/taylor_model/interval_vector.cpp.o[0m
[ 44%] [32mBuilding CXX object src/CMakeFiles/fcl.dir/math/motion/spline_motion.cpp.o[0m
[ 44%] [32mBuilding CXX object src/CMakeFiles/fcl.dir/math/motion/translation_motion.cpp.o[0m
[ 45%] [32mBuilding CXX object src/CMakeFiles/fcl.dir/math/motion/triangle_motion_bound_visitor.cpp.o[0m
[ 45%] [32mBuilding CXX object src/CMakeFiles/fcl.dir/math/motion/motion_base.cpp.o[0m
[ 46%] [32mBuilding CXX object src/CMakeFiles/fcl.dir/math/motion/interp_motion.cpp.o[0m
[ 46%] [32mBuilding CXX object src/CMakeFiles/fcl.dir/math/sampler/sampler_se3_quat_ball.cpp.o[0m
[ 47%] [32mBuilding CXX object src/CMakeFiles/fcl.dir/math/sampler/sampler_base.cpp.o[0m
[ 47%] [32mBuilding CXX object src/CMakeFiles/fcl.dir/math/sampler/sampler_se3_quat.cpp.o[0m
[ 48%] [32mBuilding CXX object src/CMakeFiles/fcl.dir/math/sampler/sampler_se3_euler.cpp.o[0m
[ 48%] [32mBuilding CXX object src/CMakeFiles/fcl.dir/math/sampler/sampler_se2_disk.cpp.o[0m
[ 49%] [32mBuilding CXX object src/CMakeFiles/fcl.dir/math/sampler/sampler_se3_euler_ball.cpp.o[0m
[ 49%] [32mBuilding CXX object src/CMakeFiles/fcl.dir/math/sampler/sampler_se2.cpp.o[0m
[ 50%] [32mBuilding CXX object src/CMakeFiles/fcl.dir/math/triangle.cpp.o[0m
[ 50%] [32mBuilding CXX object src/CMakeFiles/fcl.dir/math/variance3.cpp.o[0m
[ 51%] [32mBuilding CXX object src/CMakeFiles/fcl.dir/common/exception.cpp.o[0m
[ 52%] [32mBuilding CXX object src/CMakeFiles/fcl.dir/common/detail/profiler.cpp.o[0m
[ 52%] [32mBuilding CXX object src/CMakeFiles/fcl.dir/common/time.cpp.o[0m
[ 53%] [32mBuilding CXX object src/CMakeFiles/fcl.dir/broadphase/detail/morton.cpp.o[0m
[ 53%] [32mBuilding CXX object src/CMakeFiles/fcl.dir/broadphase/detail/simple_interval.cpp.o[0m
[ 54%] [32mBuilding CXX object src/CMakeFiles/fcl.dir/broadphase/detail/spatial_hash.cpp.o[0m
[ 54%] [32mBuilding CXX object src/CMakeFiles/fcl.dir/broadphase/detail/interval_tree.cpp.o[0m
[ 55%] [32mBuilding CXX object src/CMakeFiles/fcl.dir/broadphase/detail/interval_tree_node.cpp.o[0m
[ 55%] [32mBuilding CXX object src/CMakeFiles/fcl.dir/broadphase/broadphase_spatialhash.cpp.o[0m
[ 56%] [32mBuilding CXX object src/CMakeFiles/fcl.dir/broadphase/broadphase_interval_tree.cpp.o[0m
[ 56%] [32mBuilding CXX object src/CMakeFiles/fcl.dir/broadphase/broadphase_continuous_collision_manager.cpp.o[0m
[ 57%] [32mBuilding CXX object src/CMakeFiles/fcl.dir/broadphase/broadphase_SaP.cpp.o[0m
[ 57%] [32mBuilding CXX object src/CMakeFiles/fcl.dir/broadphase/broadphase_dynamic_AABB_tree_array.cpp.o[0m
[ 58%] [32mBuilding CXX object src/CMakeFiles/fcl.dir/broadphase/broadphase_dynamic_AABB_tree.cpp.o[0m
[ 58%] [32mBuilding CXX object src/CMakeFiles/fcl.dir/broadphase/broadphase_collision_manager.cpp.o[0m
[ 59%] [32mBuilding CXX object src/CMakeFiles/fcl.dir/broadphase/broadphase_bruteforce.cpp.o[0m
[ 59%] [32mBuilding CXX object src/CMakeFiles/fcl.dir/broadphase/broadphase_SSaP.cpp.o[0m
[ 60%] [32m[1mLinking CXX shared library ../lib/libfcl.so[0m
[ 60%] Built target fcl
[35m[1mScanning dependencies of target test_fcl_utility[0m
[ 61%] [32mBuilding CXX object test/CMakeFiles/test_fcl_utility.dir/test_fcl_utility.cpp.o[0m
[ 61%] [32m[1mLinking CXX static library ../lib/libtest_fcl_utility.a[0m
[ 61%] Built target test_fcl_utility
[35m[1mScanning dependencies of target test_fcl_sphere_sphere[0m
[35m[1mScanning dependencies of target test_fcl_octomap_cost[0m
[35m[1mScanning dependencies of target test_fcl_octomap_distance[0m
[35m[1mScanning dependencies of target test_fcl_sphere_cylinder[0m
[35m[1mScanning dependencies of target test_fcl_sphere_capsule[0m
[35m[1mScanning dependencies of target test_fcl_octomap_collision[0m
[35m[1mScanning dependencies of target test_fcl_sphere_box[0m
[35m[1mScanning dependencies of target test_fcl_simple[0m
[ 62%] [32mBuilding CXX object test/CMakeFiles/test_fcl_octomap_distance.dir/test_fcl_octomap_distance.cpp.o[0m
[ 62%] [32mBuilding CXX object test/CMakeFiles/test_fcl_sphere_cylinder.dir/test_fcl_sphere_cylinder.cpp.o[0m
[ 63%] [32mBuilding CXX object test/CMakeFiles/test_fcl_sphere_sphere.dir/test_fcl_sphere_sphere.cpp.o[0m
[ 64%] [32mBuilding CXX object test/CMakeFiles/test_fcl_sphere_capsule.dir/test_fcl_sphere_capsule.cpp.o[0m
[ 64%] [32mBuilding CXX object test/CMakeFiles/test_fcl_octomap_cost.dir/test_fcl_octomap_cost.cpp.o[0m
[ 64%] [32mBuilding CXX object test/CMakeFiles/test_fcl_octomap_collision.dir/test_fcl_octomap_collision.cpp.o[0m
[ 65%] [32mBuilding CXX object test/CMakeFiles/test_fcl_sphere_box.dir/test_fcl_sphere_box.cpp.o[0m
[ 66%] [32mBuilding CXX object test/CMakeFiles/test_fcl_simple.dir/test_fcl_simple.cpp.o[0m
[ 66%] [32m[1mLinking CXX executable test_fcl_sphere_capsule[0m
[ 66%] Built target test_fcl_sphere_capsule
[ 66%] [32m[1mLinking CXX executable test_fcl_sphere_sphere[0m
[35m[1mScanning dependencies of target test_fcl_signed_distance[0m
[ 67%] [32mBuilding CXX object test/CMakeFiles/test_fcl_signed_distance.dir/test_fcl_signed_distance.cpp.o[0m
[ 67%] Built target test_fcl_sphere_sphere
[35m[1mScanning dependencies of target test_fcl_shape_mesh_consistency[0m
[ 67%] [32mBuilding CXX object test/CMakeFiles/test_fcl_shape_mesh_consistency.dir/test_fcl_shape_mesh_consistency.cpp.o[0m
[ 67%] [32m[1mLinking CXX executable test_fcl_simple[0m
[ 67%] Built target test_fcl_simple
[35m[1mScanning dependencies of target test_fcl_capsule_box_1[0m
[ 68%] [32mBuilding CXX object test/CMakeFiles/test_fcl_capsule_box_1.dir/test_fcl_capsule_box_1.cpp.o[0m
[ 69%] [32m[1mLinking CXX executable test_fcl_octomap_cost[0m
[ 69%] Built target test_fcl_octomap_cost
[35m[1mScanning dependencies of target test_fcl_bvh_models[0m
[ 70%] [32m[1mLinking CXX executable test_fcl_octomap_collision[0m
[ 71%] [32mBuilding CXX object test/CMakeFiles/test_fcl_bvh_models.dir/test_fcl_bvh_models.cpp.o[0m
[ 71%] Built target test_fcl_octomap_collision
[35m[1mScanning dependencies of target test_fcl_box_box[0m
[ 72%] [32m[1mLinking CXX executable test_fcl_octomap_distance[0m
[ 73%] [32mBuilding CXX object test/CMakeFiles/test_fcl_box_box.dir/test_fcl_box_box.cpp.o[0m
[ 73%] Built target test_fcl_octomap_distance
[35m[1mScanning dependencies of target test_fcl_broadphase_collision_1[0m
[ 74%] [32mBuilding CXX object test/CMakeFiles/test_fcl_broadphase_collision_1.dir/test_fcl_broadphase_collision_1.cpp.o[0m
[ 74%] [32m[1mLinking CXX executable test_fcl_signed_distance[0m
[ 74%] Built target test_fcl_signed_distance
[35m[1mScanning dependencies of target test_fcl_broadphase_collision_2[0m
[ 75%] [32mBuilding CXX object test/CMakeFiles/test_fcl_broadphase_collision_2.dir/test_fcl_broadphase_collision_2.cpp.o[0m
[ 75%] [32m[1mLinking CXX executable test_fcl_capsule_box_1[0m
[ 75%] Built target test_fcl_capsule_box_1
[35m[1mScanning dependencies of target test_fcl_capsule_box_2[0m
[ 76%] [32mBuilding CXX object test/CMakeFiles/test_fcl_capsule_box_2.dir/test_fcl_capsule_box_2.cpp.o[0m
[ 76%] [32m[1mLinking CXX executable test_fcl_box_box[0m
[ 76%] Built target test_fcl_box_box
[35m[1mScanning dependencies of target test_fcl_math[0m
[ 76%] [32mBuilding CXX object test/CMakeFiles/test_fcl_math.dir/test_fcl_math.cpp.o[0m
[ 76%] [32m[1mLinking CXX executable test_fcl_capsule_box_2[0m
[ 76%] Built target test_fcl_capsule_box_2
[35m[1mScanning dependencies of target test_fcl_constant_eps[0m
[ 77%] [32mBuilding CXX object test/CMakeFiles/test_fcl_constant_eps.dir/test_fcl_constant_eps.cpp.o[0m
[ 77%] [32m[1mLinking CXX executable test_fcl_broadphase_collision_1[0m
[ 77%] Built target test_fcl_broadphase_collision_1
[ 78%] [32m[1mLinking CXX executable test_fcl_constant_eps[0m
[35m[1mScanning dependencies of target test_fcl_capsule_capsule[0m
[ 79%] [32mBuilding CXX object test/CMakeFiles/test_fcl_capsule_capsule.dir/test_fcl_capsule_capsule.cpp.o[0m
[ 79%] Built target test_fcl_constant_eps
[35m[1mScanning dependencies of target test_fcl_cylinder_half_space[0m
[ 79%] [32mBuilding CXX object test/CMakeFiles/test_fcl_cylinder_half_space.dir/test_fcl_cylinder_half_space.cpp.o[0m
[ 79%] [32m[1mLinking CXX executable test_fcl_broadphase_collision_2[0m
[ 80%] [32m[1mLinking CXX executable test_fcl_math[0m
[ 80%] [32m[1mLinking CXX executable test_fcl_bvh_models[0m
[ 80%] Built target test_fcl_broadphase_collision_2
[ 80%] Built target test_fcl_math
[35m[1mScanning dependencies of target test_fcl_auto_diff[0m
[35m[1mScanning dependencies of target test_fcl_collision[0m
[ 81%] [32mBuilding CXX object test/CMakeFiles/test_fcl_auto_diff.dir/test_fcl_auto_diff.cpp.o[0m
[ 82%] [32mBuilding CXX object test/CMakeFiles/test_fcl_collision.dir/test_fcl_collision.cpp.o[0m
[ 82%] Built target test_fcl_bvh_models
[35m[1mScanning dependencies of target test_fcl_frontlist[0m
[ 82%] [32mBuilding CXX object test/CMakeFiles/test_fcl_frontlist.dir/test_fcl_frontlist.cpp.o[0m
[ 83%] [32m[1mLinking CXX executable test_fcl_cylinder_half_space[0m
[ 84%] [32m[1mLinking CXX executable test_fcl_shape_mesh_consistency[0m
[ 84%] Built target test_fcl_cylinder_half_space
[35m[1mScanning dependencies of target test_fcl_distance[0m
[ 84%] [32mBuilding CXX object test/CMakeFiles/test_fcl_distance.dir/test_fcl_distance.cpp.o[0m
[ 84%] Built target test_fcl_shape_mesh_consistency
[35m[1mScanning dependencies of target test_fcl_general[0m
[ 84%] [32mBuilding CXX object test/CMakeFiles/test_fcl_general.dir/test_fcl_general.cpp.o[0m
[ 84%] [32m[1mLinking CXX executable test_fcl_auto_diff[0m
[ 84%] Built target test_fcl_auto_diff
[35m[1mScanning dependencies of target test_fcl_geometric_shapes[0m
[ 84%] [32mBuilding CXX object test/CMakeFiles/test_fcl_geometric_shapes.dir/test_fcl_geometric_shapes.cpp.o[0m
[ 85%] [32m[1mLinking CXX executable test_fcl_general[0m
[ 85%] Built target test_fcl_general
[35m[1mScanning dependencies of target test_fcl_generate_bvh_model_deferred_finalize[0m
[ 85%] [32mBuilding CXX object test/CMakeFiles/test_fcl_generate_bvh_model_deferred_finalize.dir/test_fcl_generate_bvh_model_deferred_finalize.cpp.o[0m
[ 86%] [32m[1mLinking CXX executable test_fcl_frontlist[0m
[ 86%] [32m[1mLinking CXX executable test_fcl_capsule_capsule[0m
[ 86%] Built target test_fcl_frontlist
[35m[1mScanning dependencies of target test_fcl_broadphase_distance[0m
[ 87%] [32mBuilding CXX object test/CMakeFiles/test_fcl_broadphase_distance.dir/test_fcl_broadphase_distance.cpp.o[0m
[ 87%] Built target test_fcl_capsule_capsule
[35m[1mScanning dependencies of target test_fcl_profiler[0m
[ 87%] [32mBuilding CXX object test/CMakeFiles/test_fcl_profiler.dir/test_fcl_profiler.cpp.o[0m
[ 88%] [32m[1mLinking CXX executable test_fcl_profiler[0m
[ 88%] Built target test_fcl_profiler
[35m[1mScanning dependencies of target test_convex[0m
[ 89%] [32mBuilding CXX object test/geometry/shape/CMakeFiles/test_convex.dir/test_convex.cpp.o[0m
[ 90%] [32m[1mLinking CXX executable test_fcl_distance[0m
[ 90%] Built target test_fcl_distance
[35m[1mScanning dependencies of target test_capsule[0m
[ 90%] [32mBuilding CXX object test/geometry/shape/CMakeFiles/test_capsule.dir/test_capsule.cpp.o[0m
[ 90%] [32m[1mLinking CXX executable test_fcl_broadphase_distance[0m
[ 90%] Built target test_fcl_broadphase_distance
[35m[1mScanning dependencies of target test_gjk_libccd-inl_epa[0m
[ 91%] [32mBuilding CXX object test/narrowphase/detail/convexity_based_algorithm/CMakeFiles/test_gjk_libccd-inl_epa.dir/test_gjk_libccd-inl_epa.cpp.o[0m
[ 92%] [32m[1mLinking CXX executable test_capsule[0m
[ 92%] Built target test_capsule
[35m[1mScanning dependencies of target test_gjk_libccd-inl_extractClosestPoints[0m
[ 93%] [32mBuilding CXX object test/narrowphase/detail/convexity_based_algorithm/CMakeFiles/test_gjk_libccd-inl_extractClosestPoints.dir/test_gjk_libccd-inl_extractClosestPoints.cpp.o[0m
[ 93%] [32m[1mLinking CXX executable test_fcl_collision[0m
[ 93%] Built target test_fcl_collision
[35m[1mScanning dependencies of target test_gjk_libccd-inl_gjk_doSimplex2[0m
[ 94%] [32mBuilding CXX object test/narrowphase/detail/convexity_based_algorithm/CMakeFiles/test_gjk_libccd-inl_gjk_doSimplex2.dir/test_gjk_libccd-inl_gjk_doSimplex2.cpp.o[0m
[ 94%] [32m[1mLinking CXX executable test_convex[0m
[ 94%] Built target test_convex
[35m[1mScanning dependencies of target test_sphere_box[0m
[ 95%] [32mBuilding CXX object test/narrowphase/detail/primitive_shape_algorithm/CMakeFiles/test_sphere_box.dir/test_sphere_box.cpp.o[0m
[ 95%] [32m[1mLinking CXX executable test_gjk_libccd-inl_extractClosestPoints[0m
[ 95%] Built target test_gjk_libccd-inl_extractClosestPoints
[35m[1mScanning dependencies of target test_sphere_cylinder[0m
[ 96%] [32mBuilding CXX object test/narrowphase/detail/primitive_shape_algorithm/CMakeFiles/test_sphere_cylinder.dir/test_sphere_cylinder.cpp.o[0m
[ 96%] [32m[1mLinking CXX executable test_gjk_libccd-inl_gjk_doSimplex2[0m
[ 96%] Built target test_gjk_libccd-inl_gjk_doSimplex2
[35m[1mScanning dependencies of target test_broadphase_dynamic_AABB_tree[0m
[ 96%] [32mBuilding CXX object test/broadphase/CMakeFiles/test_broadphase_dynamic_AABB_tree.dir/test_broadphase_dynamic_AABB_tree.cpp.o[0m
[ 97%] [32m[1mLinking CXX executable test_fcl_generate_bvh_model_deferred_finalize[0m
[ 97%] Built target test_fcl_generate_bvh_model_deferred_finalize
[ 98%] [32m[1mLinking CXX executable test_broadphase_dynamic_AABB_tree[0m
[ 99%] [32m[1mLinking CXX executable test_fcl_geometric_shapes[0m
[ 99%] Built target test_broadphase_dynamic_AABB_tree
[ 99%] Built target test_fcl_geometric_shapes
[ 99%] [32m[1mLinking CXX executable test_sphere_box[0m
[ 99%] Built target test_sphere_box
[100%] [32m[1mLinking CXX executable test_sphere_cylinder[0m
[100%] Built target test_sphere_cylinder
[100%] [32m[1mLinking CXX executable test_gjk_libccd-inl_epa[0m
[100%] Built target test_gjk_libccd-inl_epa
[100%] [32m[1mLinking CXX executable test_fcl_sphere_cylinder[0m
[100%] Built target test_fcl_sphere_cylinder
[100%] [32m[1mLinking CXX executable test_fcl_sphere_box[0m
[100%] Built target test_fcl_sphere_box
