Not searching for unused variables given on the command line.
[36m--[0m The C compiler identification is GNU 5.4.0
[36m--[0m The CXX compiler identification is GNU 5.4.0
[36m--[0m Check for working C compiler: /usr/bin/cc
[36m--[0m Check for working C compiler: /usr/bin/cc -- works
[36m--[0m Detecting C compiler ABI info
[36m--[0m Detecting C compiler ABI info - done
[36m--[0m Detecting C compile features
[36m--[0m Detecting C compile features - done
[36m--[0m Check for working CXX compiler: /usr/bin/c++
[36m--[0m Check for working CXX compiler: /usr/bin/c++ -- works
[36m--[0m Detecting CXX compiler ABI info
[36m--[0m Detecting CXX compiler ABI info - done
[36m--[0m Detecting CXX compile features
[36m--[0m Detecting CXX compile features - done
[36m--[0m Using CATKIN_DEVEL_PREFIX: /workspace/ros_ws/devel/.private/abb_irb120_support
[36m--[0m Using CMAKE_PREFIX_PATH: /workspace/ros_ws/devel;/opt/ros/kinetic
[36m--[0m This workspace overlays: /workspace/ros_ws/devel;/opt/ros/kinetic
[36m--[0m Found PythonInterp: /usr/bin/python2 (found suitable version "2.7.12", minimum required is "2")
[36m--[0m Using PYTHON_EXECUTABLE: /usr/bin/python2
[36m--[0m Using Debian Python package layout
[36m--[0m Using empy: /usr/bin/empy
[36m--[0m Using CATKIN_ENABLE_TESTING: ON
[36m--[0m Call enable_testing()
[36m--[0m Using CATKIN_TEST_RESULTS_DIR: /workspace/ros_ws/build/abb_irb120_support/test_results
[36m--[0m Found gtest sources under '/usr/src/gmock': gtests will be built
[36m--[0m Found gmock sources under '/usr/src/gmock': gmock will be built
[36m--[0m Found PythonInterp: /usr/bin/python2 (found version "2.7.12")
[36m--[0m Looking for pthread.h
[36m--[0m Looking for pthread.h - found
[36m--[0m Looking for pthread_create
[36m--[0m Looking for pthread_create - not found
[36m--[0m Looking for pthread_create in pthreads
[36m--[0m Looking for pthread_create in pthreads - not found
[36m--[0m Looking for pthread_create in pthread
[36m--[0m Looking for pthread_create in pthread - found
[36m--[0m Found Threads: TRUE
[36m--[0m Using Python nosetests: /usr/bin/nosetests-2.7
[36m--[0m catkin 0.7.20
[36m--[0m BUILD_SHARED_LIBS is on
[36m--[0m Configuring done
CMake Warning (dev) at /opt/ros/kinetic/share/catkin/cmake/test/tests.cmake:173 (add_dependencies):
  Policy CMP0046 is not set: Error on non-existent dependency in
  add_dependencies.  Run "cmake --help-policy CMP0046" for policy details.
  Use the cmake_policy command to set the policy and suppress this warning.

  The dependency target "abb_driver_robot_state" of target
  "_run_tests_abb_irb120_support_roslaunch-check_tests_roslaunch_test.xml"
  does not exist.
[36mCall Stack (most recent call first):[0m
  /opt/ros/kinetic/share/roslaunch/cmake/roslaunch-extras.cmake:58 (catkin_run_tests_target)
  CMakeLists.txt:10 (roslaunch_add_file_check)
This warning is for project developers.  Use -Wno-dev to suppress it.

CMake Warning (dev) at /opt/ros/kinetic/share/catkin/cmake/test/tests.cmake:173 (add_dependencies):
  Policy CMP0046 is not set: Error on non-existent dependency in
  add_dependencies.  Run "cmake --help-policy CMP0046" for policy details.
  Use the cmake_policy command to set the policy and suppress this warning.

  The dependency target "joint_trajectory_action" of target
  "_run_tests_abb_irb120_support_roslaunch-check_tests_roslaunch_test.xml"
  does not exist.
[36mCall Stack (most recent call first):[0m
  /opt/ros/kinetic/share/roslaunch/cmake/roslaunch-extras.cmake:58 (catkin_run_tests_target)
  CMakeLists.txt:10 (roslaunch_add_file_check)
This warning is for project developers.  Use -Wno-dev to suppress it.

CMake Warning (dev) at /opt/ros/kinetic/share/catkin/cmake/test/tests.cmake:157 (add_dependencies):
  Policy CMP0046 is not set: Error on non-existent dependency in
  add_dependencies.  Run "cmake --help-policy CMP0046" for policy details.
  Use the cmake_policy command to set the policy and suppress this warning.

  The dependency target "abb_driver_robot_state" of target
  "run_tests_abb_irb120_support_roslaunch-check_tests_roslaunch_test.xml"
  does not exist.
[36mCall Stack (most recent call first):[0m
  /opt/ros/kinetic/share/roslaunch/cmake/roslaunch-extras.cmake:58 (catkin_run_tests_target)
  CMakeLists.txt:10 (roslaunch_add_file_check)
This warning is for project developers.  Use -Wno-dev to suppress it.

CMake Warning (dev) at /opt/ros/kinetic/share/catkin/cmake/test/tests.cmake:157 (add_dependencies):
  Policy CMP0046 is not set: Error on non-existent dependency in
  add_dependencies.  Run "cmake --help-policy CMP0046" for policy details.
  Use the cmake_policy command to set the policy and suppress this warning.

  The dependency target "joint_trajectory_action" of target
  "run_tests_abb_irb120_support_roslaunch-check_tests_roslaunch_test.xml"
  does not exist.
[36mCall Stack (most recent call first):[0m
  /opt/ros/kinetic/share/roslaunch/cmake/roslaunch-extras.cmake:58 (catkin_run_tests_target)
  CMakeLists.txt:10 (roslaunch_add_file_check)
This warning is for project developers.  Use -Wno-dev to suppress it.

[36m--[0m Generating done
[36m--[0m Build files have been written to: /workspace/ros_ws/build/abb_irb120_support
