[35m[1mScanning dependencies of target main[0m
[35m[1mScanning dependencies of target test_coll[0m
[ 25%] [32mBuilding CXX object CMakeFiles/main.dir/src/main.cpp.o[0m
[ 50%] [32mBuilding CXX object CMakeFiles/test_coll.dir/src/test_coll.cpp.o[0m
[ 75%] [32m[1mLinking CXX executable /workspace/ros_ws/devel/.private/pct/lib/pct/test_coll[0m
/workspace/ros_ws/devel/.private/robot_utilities/lib/librobot_utilities.so: undefined reference to `octomath::Pose6D::~Pose6D()'
/workspace/ros_ws/devel/.private/robot_utilities/lib/librobot_utilities.so: undefined reference to `octomap::Pointcloud::Pointcloud()'
/workspace/ros_ws/devel/.private/robot_utilities/lib/librobot_utilities.so: undefined reference to `octomath::Pose6D::inv() const'
/workspace/ros_ws/devel/.private/robot_utilities/lib/librobot_utilities.so: undefined reference to `octomap::OcTree::OcTree(double)'
/workspace/ros_ws/devel/.private/robot_utilities/lib/librobot_utilities.so: undefined reference to `octomath::operator<<(std::ostream&, octomath::Vector3 const&)'
/workspace/ros_ws/devel/.private/robot_utilities/lib/librobot_utilities.so: undefined reference to `octomap::Pointcloud::~Pointcloud()'
/workspace/ros_ws/devel/.private/robot_utilities/lib/librobot_utilities.so: undefined reference to `octomath::Pose6D::transform(octomath::Vector3 const&) const'
/workspace/ros_ws/devel/.private/robot_utilities/lib/librobot_utilities.so: undefined reference to `octomap::OcTreeNode::addValue(float const&)'
/workspace/ros_ws/devel/.private/robot_utilities/lib/librobot_utilities.so: undefined reference to `octomap::Pointcloud::Pointcloud(octomap::Pointcloud const&)'
/workspace/ros_ws/devel/.private/robot_utilities/lib/librobot_utilities.so: undefined reference to `octomap::OcTreeNode::getMaxChildLogOdds() const'
/workspace/ros_ws/devel/.private/robot_utilities/lib/librobot_utilities.so: undefined reference to `octomap::OcTreeNode::OcTreeNode()'
/workspace/ros_ws/devel/.private/robot_utilities/lib/librobot_utilities.so: undefined reference to `octomath::Quaternion::Quaternion(octomath::Quaternion const&)'
/workspace/ros_ws/devel/.private/robot_utilities/lib/librobot_utilities.so: undefined reference to `octomap::OcTreeNode::~OcTreeNode()'
/workspace/ros_ws/devel/.private/robot_utilities/lib/librobot_utilities.so: undefined reference to `octomap::Pointcloud::transform(octomath::Pose6D)'
collect2: error: ld returned 1 exit status
CMakeFiles/test_coll.dir/build.make:158: recipe for target '/workspace/ros_ws/devel/.private/pct/lib/pct/test_coll' failed
make[2]: *** [/workspace/ros_ws/devel/.private/pct/lib/pct/test_coll] Error 1
CMakeFiles/Makefile2:360: recipe for target 'CMakeFiles/test_coll.dir/all' failed
make[1]: *** [CMakeFiles/test_coll.dir/all] Error 2
make[1]: *** Waiting for unfinished jobs....
[100%] [32m[1mLinking CXX executable /workspace/ros_ws/devel/.private/pct/lib/pct/main[0m
/workspace/ros_ws/devel/.private/robot_utilities/lib/librobot_utilities.so: undefined reference to `octomath::Pose6D::~Pose6D()'
/workspace/ros_ws/devel/.private/robot_utilities/lib/librobot_utilities.so: undefined reference to `octomap::Pointcloud::Pointcloud()'
/workspace/ros_ws/devel/.private/robot_utilities/lib/librobot_utilities.so: undefined reference to `octomath::Pose6D::inv() const'
/workspace/ros_ws/devel/.private/robot_utilities/lib/librobot_utilities.so: undefined reference to `octomap::OcTree::OcTree(double)'
/workspace/ros_ws/devel/.private/robot_utilities/lib/librobot_utilities.so: undefined reference to `octomath::operator<<(std::ostream&, octomath::Vector3 const&)'
/workspace/ros_ws/devel/.private/robot_utilities/lib/librobot_utilities.so: undefined reference to `octomap::Pointcloud::~Pointcloud()'
/workspace/ros_ws/devel/.private/robot_utilities/lib/librobot_utilities.so: undefined reference to `octomath::Pose6D::transform(octomath::Vector3 const&) const'
/workspace/ros_ws/devel/.private/robot_utilities/lib/librobot_utilities.so: undefined reference to `octomap::OcTreeNode::addValue(float const&)'
/workspace/ros_ws/devel/.private/robot_utilities/lib/librobot_utilities.so: undefined reference to `octomap::Pointcloud::Pointcloud(octomap::Pointcloud const&)'
/workspace/ros_ws/devel/.private/robot_utilities/lib/librobot_utilities.so: undefined reference to `octomap::OcTreeNode::getMaxChildLogOdds() const'
/workspace/ros_ws/devel/.private/robot_utilities/lib/librobot_utilities.so: undefined reference to `octomap::OcTreeNode::OcTreeNode()'
/workspace/ros_ws/devel/.private/robot_utilities/lib/librobot_utilities.so: undefined reference to `octomath::Quaternion::Quaternion(octomath::Quaternion const&)'
/workspace/ros_ws/devel/.private/robot_utilities/lib/librobot_utilities.so: undefined reference to `octomap::OcTreeNode::~OcTreeNode()'
/workspace/ros_ws/devel/.private/robot_utilities/lib/librobot_utilities.so: undefined reference to `octomap::Pointcloud::transform(octomath::Pose6D)'
collect2: error: ld returned 1 exit status
CMakeFiles/main.dir/build.make:158: recipe for target '/workspace/ros_ws/devel/.private/pct/lib/pct/main' failed
make[2]: *** [/workspace/ros_ws/devel/.private/pct/lib/pct/main] Error 1
CMakeFiles/Makefile2:99: recipe for target 'CMakeFiles/main.dir/all' failed
make[1]: *** [CMakeFiles/main.dir/all] Error 2
Makefile:138: recipe for target 'all' failed
make: *** [all] Error 2
